#
# There is insufficient memory for the Java Runtime Environment to continue.
# Native memory allocation (malloc) failed to allocate 714256 bytes for Chunk::new
# Possible reasons:
#   The system is out of physical RAM or swap space
#   The process is running with CompressedOops enabled, and the Java Heap may be blocking the growth of the native heap
# Possible solutions:
#   Reduce memory load on the system
#   Increase physical memory or swap space
#   Check if swap backing store is full
#   Decrease Java heap size (-Xmx/-Xms)
#   Decrease number of Java threads
#   Decrease Java thread stack sizes (-Xss)
#   Set larger code cache with -XX:ReservedCodeCacheSize=
#   JVM is running with Unscaled Compressed Oops mode in which the Java heap is
#     placed in the first 4GB address space. The Java Heap base address is the
#     maximum limit for the native heap growth. Please use -XX:HeapBaseMinAddress
#     to set the Java Heap base and to place the Java Heap above 4GB virtual address.
# This output file may be truncated or incomplete.
#
#  Out of Memory Error (./src/hotspot/share/memory/arena.cpp:197), pid=107652, tid=92880
#
# JRE version: OpenJDK Runtime Environment (11.0.13) (build 11.0.13+0-b1751.21-8125866)
# Java VM: OpenJDK 64-Bit Server VM (11.0.13+0-b1751.21-8125866, mixed mode, tiered, compressed oops, g1 gc, windows-amd64)
# No core dump will be written. Minidumps are not enabled by default on client versions of Windows
#

---------------  S U M M A R Y ------------

Command Line: --add-opens=java.base/java.util=ALL-UNNAMED --add-opens=java.base/java.lang=ALL-UNNAMED --add-opens=java.base/java.lang.invoke=ALL-UNNAMED --add-opens=java.base/java.util=ALL-UNNAMED --add-opens=java.prefs/java.util.prefs=ALL-UNNAMED --add-opens=java.prefs/java.util.prefs=ALL-UNNAMED --add-opens=java.base/java.nio.charset=ALL-UNNAMED --add-opens=java.base/java.net=ALL-UNNAMED --add-opens=java.base/java.util.concurrent.atomic=ALL-UNNAMED -Xmx2048m -Dfile.encoding=UTF-8 -Duser.country=BR -Duser.language=pt -Duser.variant org.gradle.launcher.daemon.bootstrap.GradleDaemon 7.4

Host: Intel(R) Core(TM) i5-8265U CPU @ 1.60GHz, 8 cores, 7G,  Windows 10 , 64 bit Build 19041 (10.0.19041.1889)
Time: Thu Oct  6 15:18:07 2022 Hora oficial do Brasil elapsed time: 41.985368 seconds (0d 0h 0m 41s)

---------------  T H R E A D  ---------------

Current thread (0x00000229e2648800):  JavaThread "C2 CompilerThread0" daemon [_thread_in_native, id=92880, stack(0x000000913cb00000,0x000000913cc00000)]


Current CompileTask:
C2:  41986 11016   !   4       org.gradle.internal.classloader.CachingClassLoader::loadClass (85 bytes)

Stack: [0x000000913cb00000,0x000000913cc00000]
Native frames: (J=compiled Java code, j=interpreted, Vv=VM code, C=native code)
V  [jvm.dll+0x6100fa]
V  [jvm.dll+0x747090]
V  [jvm.dll+0x7486ad]
V  [jvm.dll+0x748d83]
V  [jvm.dll+0x24ab48]
V  [jvm.dll+0xc04dc]
V  [jvm.dll+0xc0a0c]
V  [jvm.dll+0x2bfab4]
V  [jvm.dll+0x524238]
V  [jvm.dll+0x2045ac]
V  [jvm.dll+0x2023c2]
V  [jvm.dll+0x188e01]
V  [jvm.dll+0x21106b]
V  [jvm.dll+0x20f8c1]
V  [jvm.dll+0x70de0f]
V  [jvm.dll+0x706a75]
V  [jvm.dll+0x60ed66]
C  [ucrtbase.dll+0x21bb2]
C  [KERNEL32.DLL+0x17034]
C  [ntdll.dll+0x526a1]


---------------  P R O C E S S  ---------------

Threads class SMR info:
_java_thread_list=0x00000229e5835e50, length=135, elements={
0x00000229c79aa000, 0x00000229e2621000, 0x00000229e2622000, 0x00000229e2fc2800,
0x00000229e2639800, 0x00000229e263a800, 0x00000229e2648800, 0x00000229e264d000,
0x00000229e264e800, 0x00000229e311d000, 0x00000229e482b000, 0x00000229e44ac800,
0x00000229e4661000, 0x00000229e4b4d800, 0x00000229e4b4e000, 0x00000229e52c7000,
0x00000229e4258000, 0x00000229e4259000, 0x00000229e4adf000, 0x00000229e5106000,
0x00000229e4815800, 0x00000229e4811800, 0x00000229e4818000, 0x00000229e4812000,
0x00000229e4814800, 0x00000229e4816800, 0x00000229e4813000, 0x00000229e4817000,
0x00000229e4814000, 0x00000229e6e24800, 0x00000229e6e20800, 0x00000229e6e27000,
0x00000229e6e27800, 0x00000229e6e22000, 0x00000229e6e25000, 0x00000229e6e26000,
0x00000229e6e23000, 0x00000229e6e29800, 0x00000229e6e23800, 0x00000229e6e2e000,
0x00000229e6e2c000, 0x00000229e6e2a000, 0x00000229e6e2f000, 0x00000229e6e2b000,
0x00000229e6e2d800, 0x00000229e6e2c800, 0x00000229e769f000, 0x00000229e7699000,
0x00000229e769d800, 0x00000229e769e000, 0x00000229e76a0000, 0x00000229e769c800,
0x00000229e769a000, 0x00000229e76a0800, 0x00000229e769b000, 0x00000229e769b800,
0x00000229e76a3000, 0x00000229e76a7000, 0x00000229e76a1800, 0x00000229e76a8000,
0x00000229e76a4800, 0x00000229e76a2000, 0x00000229e76a5800, 0x00000229e76a4000,
0x00000229e76a6800, 0x00000229e909a000, 0x00000229e909e000, 0x00000229e909b800,
0x00000229e909a800, 0x00000229e9099000, 0x00000229e909d000, 0x00000229e909c800,
0x00000229e9098000, 0x00000229e90a4800, 0x00000229e90a0800, 0x00000229e90a3000,
0x00000229e909e800, 0x00000229e90a1000, 0x00000229e90a5000, 0x00000229e909f800,
0x00000229e90a6000, 0x00000229e90a7000, 0x00000229e90a2000, 0x00000229e90a3800,
0x00000229e78e3800, 0x00000229e78e9800, 0x00000229e78e7000, 0x00000229e78e6000,
0x00000229e78e8000, 0x00000229e78e5800, 0x00000229e78e8800, 0x00000229e78ea800,
0x00000229e78e4800, 0x00000229e78ef000, 0x00000229e78eb000, 0x00000229e78ee800,
0x00000229e78ec000, 0x00000229e78f1000, 0x00000229e78ed800, 0x00000229e78f0000,
0x00000229e78f1800, 0x00000229e78f2800, 0x00000229e78ec800, 0x00000229e77ec000,
0x00000229e77ea800, 0x00000229e77ed000, 0x00000229e77eb800, 0x00000229e77ee000,
0x00000229e77e8000, 0x00000229e77ee800, 0x00000229e77e9000, 0x00000229e77e9800,
0x00000229e77f4800, 0x00000229e77f2800, 0x00000229e77ef800, 0x00000229e77f3800,
0x00000229e77f2000, 0x00000229e77f5000, 0x00000229e77f6000, 0x00000229e77f0800,
0x00000229e77f7000, 0x00000229e77f1000, 0x00000229eb12a800, 0x00000229eb127000,
0x00000229eb12d800, 0x00000229eb128000, 0x00000229eb128800, 0x00000229eb12d000,
0x00000229eb129800, 0x00000229eb12b000, 0x00000229eb12c000, 0x00000229eae48000,
0x00000229eae4a800, 0x00000229eae49000, 0x00000229eae49800
}

Java Threads: ( => current thread )
  0x00000229c79aa000 JavaThread "main" [_thread_blocked, id=105728, stack(0x000000913bf00000,0x000000913c000000)]
  0x00000229e2621000 JavaThread "Reference Handler" daemon [_thread_blocked, id=94060, stack(0x000000913c600000,0x000000913c700000)]
  0x00000229e2622000 JavaThread "Finalizer" daemon [_thread_blocked, id=109612, stack(0x000000913c700000,0x000000913c800000)]
  0x00000229e2fc2800 JavaThread "Signal Dispatcher" daemon [_thread_blocked, id=109900, stack(0x000000913c800000,0x000000913c900000)]
  0x00000229e2639800 JavaThread "Attach Listener" daemon [_thread_blocked, id=98160, stack(0x000000913c900000,0x000000913ca00000)]
  0x00000229e263a800 JavaThread "Service Thread" daemon [_thread_blocked, id=92424, stack(0x000000913ca00000,0x000000913cb00000)]
=>0x00000229e2648800 JavaThread "C2 CompilerThread0" daemon [_thread_in_native, id=92880, stack(0x000000913cb00000,0x000000913cc00000)]
  0x00000229e264d000 JavaThread "C1 CompilerThread0" daemon [_thread_blocked, id=110168, stack(0x000000913cc00000,0x000000913cd00000)]
  0x00000229e264e800 JavaThread "Sweeper thread" daemon [_thread_blocked, id=107792, stack(0x000000913cd00000,0x000000913ce00000)]
  0x00000229e311d000 JavaThread "Common-Cleaner" daemon [_thread_blocked, id=90760, stack(0x000000913ce00000,0x000000913cf00000)]
  0x00000229e482b000 JavaThread "Daemon health stats" [_thread_blocked, id=102300, stack(0x000000913d200000,0x000000913d300000)]
  0x00000229e44ac800 JavaThread "Incoming local TCP Connector on port 65489" [_thread_in_native, id=109540, stack(0x000000913d300000,0x000000913d400000)]
  0x00000229e4661000 JavaThread "Daemon periodic checks" [_thread_blocked, id=42928, stack(0x000000913d400000,0x000000913d500000)]
  0x00000229e4b4d800 JavaThread "Daemon" [_thread_blocked, id=110228, stack(0x000000913d500000,0x000000913d600000)]
  0x00000229e4b4e000 JavaThread "Handler for socket connection from /127.0.0.1:65489 to /127.0.0.1:65490" [_thread_in_native, id=110060, stack(0x000000913d600000,0x000000913d700000)]
  0x00000229e52c7000 JavaThread "Cancel handler" [_thread_blocked, id=105828, stack(0x000000913d700000,0x000000913d800000)]
  0x00000229e4258000 JavaThread "Daemon worker" [_thread_blocked, id=101744, stack(0x000000913d800000,0x000000913d900000)]
  0x00000229e4259000 JavaThread "Asynchronous log dispatcher for DefaultDaemonConnection: socket connection from /127.0.0.1:65489 to /127.0.0.1:65490" [_thread_blocked, id=94432, stack(0x000000913d900000,0x000000913da00000)]
  0x00000229e4adf000 JavaThread "Stdin handler" [_thread_blocked, id=106760, stack(0x000000913da00000,0x000000913db00000)]
  0x00000229e5106000 JavaThread "Daemon client event forwarder" [_thread_blocked, id=92624, stack(0x000000913db00000,0x000000913dc00000)]
  0x00000229e4815800 JavaThread "Cache worker for journal cache (C:\Users\User\.gradle\caches\journal-1)" [_thread_blocked, id=110188, stack(0x000000913e100000,0x000000913e200000)]
  0x00000229e4811800 JavaThread "File lock request listener" [_thread_in_native, id=105024, stack(0x000000913e200000,0x000000913e300000)]
  0x00000229e4818000 JavaThread "Cache worker for file hash cache (C:\Users\User\.gradle\caches\7.4\fileHashes)" [_thread_blocked, id=78920, stack(0x000000913e300000,0x000000913e400000)]
  0x00000229e4812000 JavaThread "File watcher server" daemon [_thread_in_native, id=102484, stack(0x000000913e500000,0x000000913e600000)]
  0x00000229e4814800 JavaThread "File watcher consumer" daemon [_thread_blocked, id=109924, stack(0x000000913e600000,0x000000913e700000)]
  0x00000229e4816800 JavaThread "Cache worker for checksums cache (C:\Users\User\AndroidStudioProjects\CalcularIMC\.gradle\7.4\checksums)" [_thread_blocked, id=84152, stack(0x000000913e700000,0x000000913e800000)]
  0x00000229e4813000 JavaThread "Cache worker for cache directory md-rule (C:\Users\User\.gradle\caches\7.4\md-rule)" [_thread_blocked, id=102144, stack(0x000000913e800000,0x000000913e900000)]
  0x00000229e4817000 JavaThread "Cache worker for file hash cache (C:\Users\User\AndroidStudioProjects\CalcularIMC\.gradle\7.4\fileHashes)" [_thread_blocked, id=110520, stack(0x000000913e900000,0x000000913ea00000)]
  0x00000229e4814000 JavaThread "Cache worker for cache directory md-supplier (C:\Users\User\.gradle\caches\7.4\md-supplier)" [_thread_blocked, id=102112, stack(0x000000913ea00000,0x000000913eb00000)]
  0x00000229e6e24800 JavaThread "Cache worker for execution history cache (C:\Users\User\.gradle\caches\7.4\executionHistory)" [_thread_blocked, id=103112, stack(0x000000913eb00000,0x000000913ec00000)]
  0x00000229e6e20800 JavaThread "jar transforms" [_thread_blocked, id=18956, stack(0x000000913ec00000,0x000000913ed00000)]
  0x00000229e6e27000 JavaThread "Cache worker for file content cache (C:\Users\User\.gradle\caches\7.4\fileContent)" [_thread_blocked, id=108876, stack(0x000000913ed00000,0x000000913ee00000)]
  0x00000229e6e27800 JavaThread "jar transforms Thread 2" [_thread_blocked, id=101568, stack(0x000000913ee00000,0x000000913ef00000)]
  0x00000229e6e22000 JavaThread "Cache worker for dependencies-accessors (C:\Users\User\AndroidStudioProjects\CalcularIMC\.gradle\7.4\dependencies-accessors)" [_thread_blocked, id=107300, stack(0x000000913ef00000,0x000000913f000000)]
  0x00000229e6e25000 JavaThread "jar transforms Thread 3" [_thread_blocked, id=59196, stack(0x000000913f000000,0x000000913f100000)]
  0x00000229e6e26000 JavaThread "Cache worker for Build Output Cleanup Cache (C:\Users\User\AndroidStudioProjects\CalcularIMC\.gradle\buildOutputCleanup)" [_thread_blocked, id=7416, stack(0x000000913f100000,0x000000913f200000)]
  0x00000229e6e23000 JavaThread "Unconstrained build operations" [_thread_blocked, id=109848, stack(0x000000913f200000,0x000000913f300000)]
  0x00000229e6e29800 JavaThread "Unconstrained build operations Thread 2" [_thread_blocked, id=104360, stack(0x000000913f300000,0x000000913f400000)]
  0x00000229e6e23800 JavaThread "Unconstrained build operations Thread 3" [_thread_blocked, id=106564, stack(0x000000913f400000,0x000000913f500000)]
  0x00000229e6e2e000 JavaThread "Unconstrained build operations Thread 4" [_thread_blocked, id=107616, stack(0x000000913f500000,0x000000913f600000)]
  0x00000229e6e2c000 JavaThread "Unconstrained build operations Thread 5" [_thread_blocked, id=99284, stack(0x000000913f600000,0x000000913f700000)]
  0x00000229e6e2a000 JavaThread "Unconstrained build operations Thread 6" [_thread_in_Java, id=84832, stack(0x000000913f700000,0x000000913f800000)]
  0x00000229e6e2f000 JavaThread "Unconstrained build operations Thread 7" [_thread_blocked, id=104768, stack(0x000000913f800000,0x000000913f900000)]
  0x00000229e6e2b000 JavaThread "Unconstrained build operations Thread 8" [_thread_blocked, id=109820, stack(0x000000913f900000,0x000000913fa00000)]
  0x00000229e6e2d800 JavaThread "Unconstrained build operations Thread 9" [_thread_blocked, id=105668, stack(0x000000913fa00000,0x000000913fb00000)]
  0x00000229e6e2c800 JavaThread "Unconstrained build operations Thread 10" [_thread_blocked, id=110308, stack(0x000000913fb00000,0x000000913fc00000)]
  0x00000229e769f000 JavaThread "Unconstrained build operations Thread 11" [_thread_blocked, id=98848, stack(0x000000913fc00000,0x000000913fd00000)]
  0x00000229e7699000 JavaThread "Unconstrained build operations Thread 12" [_thread_blocked, id=107084, stack(0x000000913fd00000,0x000000913fe00000)]
  0x00000229e769d800 JavaThread "Unconstrained build operations Thread 13" [_thread_blocked, id=81700, stack(0x000000913fe00000,0x000000913ff00000)]
  0x00000229e769e000 JavaThread "Unconstrained build operations Thread 14" [_thread_blocked, id=107116, stack(0x000000913ff00000,0x0000009140000000)]
  0x00000229e76a0000 JavaThread "Unconstrained build operations Thread 15" [_thread_blocked, id=109516, stack(0x0000009140000000,0x0000009140100000)]
  0x00000229e769c800 JavaThread "Unconstrained build operations Thread 16" [_thread_blocked, id=109104, stack(0x0000009140100000,0x0000009140200000)]
  0x00000229e769a000 JavaThread "Unconstrained build operations Thread 17" [_thread_blocked, id=13824, stack(0x0000009140200000,0x0000009140300000)]
  0x00000229e76a0800 JavaThread "Unconstrained build operations Thread 18" [_thread_blocked, id=109200, stack(0x0000009140300000,0x0000009140400000)]
  0x00000229e769b000 JavaThread "Unconstrained build operations Thread 19" [_thread_blocked, id=107304, stack(0x0000009140400000,0x0000009140500000)]
  0x00000229e769b800 JavaThread "Unconstrained build operations Thread 20" [_thread_blocked, id=109524, stack(0x0000009140500000,0x0000009140600000)]
  0x00000229e76a3000 JavaThread "Unconstrained build operations Thread 21" [_thread_blocked, id=110312, stack(0x0000009140600000,0x0000009140700000)]
  0x00000229e76a7000 JavaThread "Unconstrained build operations Thread 22" [_thread_blocked, id=107884, stack(0x0000009140700000,0x0000009140800000)]
  0x00000229e76a1800 JavaThread "Unconstrained build operations Thread 23" [_thread_blocked, id=106980, stack(0x0000009140800000,0x0000009140900000)]
  0x00000229e76a8000 JavaThread "Unconstrained build operations Thread 24" [_thread_blocked, id=94568, stack(0x0000009140900000,0x0000009140a00000)]
  0x00000229e76a4800 JavaThread "Unconstrained build operations Thread 25" [_thread_blocked, id=62448, stack(0x0000009140a00000,0x0000009140b00000)]
  0x00000229e76a2000 JavaThread "Unconstrained build operations Thread 26" [_thread_blocked, id=79584, stack(0x0000009140b00000,0x0000009140c00000)]
  0x00000229e76a5800 JavaThread "Unconstrained build operations Thread 27" [_thread_blocked, id=102604, stack(0x0000009140c00000,0x0000009140d00000)]
  0x00000229e76a4000 JavaThread "Unconstrained build operations Thread 28" [_thread_blocked, id=98648, stack(0x0000009140d00000,0x0000009140e00000)]
  0x00000229e76a6800 JavaThread "Unconstrained build operations Thread 29" [_thread_blocked, id=102956, stack(0x0000009140e00000,0x0000009140f00000)]
  0x00000229e909a000 JavaThread "Unconstrained build operations Thread 30" [_thread_blocked, id=98252, stack(0x0000009140f00000,0x0000009141000000)]
  0x00000229e909e000 JavaThread "Unconstrained build operations Thread 31" [_thread_blocked, id=108028, stack(0x0000009141000000,0x0000009141100000)]
  0x00000229e909b800 JavaThread "Unconstrained build operations Thread 32" [_thread_blocked, id=105048, stack(0x0000009141100000,0x0000009141200000)]
  0x00000229e909a800 JavaThread "Unconstrained build operations Thread 33" [_thread_blocked, id=13464, stack(0x0000009141200000,0x0000009141300000)]
  0x00000229e9099000 JavaThread "Unconstrained build operations Thread 34" [_thread_blocked, id=106616, stack(0x0000009141300000,0x0000009141400000)]
  0x00000229e909d000 JavaThread "Unconstrained build operations Thread 35" [_thread_blocked, id=108108, stack(0x0000009141400000,0x0000009141500000)]
  0x00000229e909c800 JavaThread "Unconstrained build operations Thread 36" [_thread_blocked, id=36104, stack(0x0000009141500000,0x0000009141600000)]
  0x00000229e9098000 JavaThread "Unconstrained build operations Thread 37" [_thread_blocked, id=102020, stack(0x0000009141600000,0x0000009141700000)]
  0x00000229e90a4800 JavaThread "Unconstrained build operations Thread 38" [_thread_blocked, id=104988, stack(0x0000009141700000,0x0000009141800000)]
  0x00000229e90a0800 JavaThread "Unconstrained build operations Thread 39" [_thread_blocked, id=104752, stack(0x0000009141800000,0x0000009141900000)]
  0x00000229e90a3000 JavaThread "Unconstrained build operations Thread 40" [_thread_blocked, id=98536, stack(0x0000009141900000,0x0000009141a00000)]
  0x00000229e909e800 JavaThread "Unconstrained build operations Thread 41" [_thread_blocked, id=110036, stack(0x0000009141a00000,0x0000009141b00000)]
  0x00000229e90a1000 JavaThread "Unconstrained build operations Thread 42" [_thread_blocked, id=107928, stack(0x0000009141b00000,0x0000009141c00000)]
  0x00000229e90a5000 JavaThread "Unconstrained build operations Thread 43" [_thread_blocked, id=38100, stack(0x0000009141c00000,0x0000009141d00000)]
  0x00000229e909f800 JavaThread "Unconstrained build operations Thread 44" [_thread_blocked, id=71456, stack(0x0000009141d00000,0x0000009141e00000)]
  0x00000229e90a6000 JavaThread "Unconstrained build operations Thread 45" [_thread_in_vm, id=110092, stack(0x0000009141e00000,0x0000009141f00000)]
  0x00000229e90a7000 JavaThread "Unconstrained build operations Thread 46" [_thread_blocked, id=108616, stack(0x0000009141f00000,0x0000009142000000)]
  0x00000229e90a2000 JavaThread "Unconstrained build operations Thread 47" [_thread_blocked, id=105080, stack(0x0000009142000000,0x0000009142100000)]
  0x00000229e90a3800 JavaThread "Unconstrained build operations Thread 48" [_thread_blocked, id=105364, stack(0x0000009142100000,0x0000009142200000)]
  0x00000229e78e3800 JavaThread "Unconstrained build operations Thread 49" [_thread_blocked, id=110552, stack(0x0000009142200000,0x0000009142300000)]
  0x00000229e78e9800 JavaThread "Unconstrained build operations Thread 50" [_thread_blocked, id=108692, stack(0x0000009142300000,0x0000009142400000)]
  0x00000229e78e7000 JavaThread "Unconstrained build operations Thread 51" [_thread_blocked, id=110364, stack(0x0000009142400000,0x0000009142500000)]
  0x00000229e78e6000 JavaThread "Unconstrained build operations Thread 52" [_thread_blocked, id=58340, stack(0x0000009142500000,0x0000009142600000)]
  0x00000229e78e8000 JavaThread "Unconstrained build operations Thread 53" [_thread_blocked, id=105040, stack(0x0000009142600000,0x0000009142700000)]
  0x00000229e78e5800 JavaThread "Unconstrained build operations Thread 54" [_thread_blocked, id=80840, stack(0x0000009142700000,0x0000009142800000)]
  0x00000229e78e8800 JavaThread "Unconstrained build operations Thread 55" [_thread_blocked, id=110332, stack(0x0000009142800000,0x0000009142900000)]
  0x00000229e78ea800 JavaThread "Unconstrained build operations Thread 56" [_thread_blocked, id=106528, stack(0x0000009142900000,0x0000009142a00000)]
  0x00000229e78e4800 JavaThread "Unconstrained build operations Thread 57" [_thread_blocked, id=105212, stack(0x0000009142a00000,0x0000009142b00000)]
  0x00000229e78ef000 JavaThread "Unconstrained build operations Thread 58" [_thread_blocked, id=108160, stack(0x0000009142b00000,0x0000009142c00000)]
  0x00000229e78eb000 JavaThread "Unconstrained build operations Thread 59" [_thread_blocked, id=107432, stack(0x0000009142c00000,0x0000009142d00000)]
  0x00000229e78ee800 JavaThread "Unconstrained build operations Thread 60" [_thread_blocked, id=3928, stack(0x0000009142d00000,0x0000009142e00000)]
  0x00000229e78ec000 JavaThread "Unconstrained build operations Thread 61" [_thread_blocked, id=110124, stack(0x0000009142e00000,0x0000009142f00000)]
  0x00000229e78f1000 JavaThread "Unconstrained build operations Thread 62" [_thread_blocked, id=107440, stack(0x0000009142f00000,0x0000009143000000)]
  0x00000229e78ed800 JavaThread "Unconstrained build operations Thread 63" [_thread_blocked, id=108484, stack(0x0000009143000000,0x0000009143100000)]
  0x00000229e78f0000 JavaThread "Unconstrained build operations Thread 64" [_thread_blocked, id=106400, stack(0x0000009143100000,0x0000009143200000)]
  0x00000229e78f1800 JavaThread "Unconstrained build operations Thread 65" [_thread_blocked, id=106436, stack(0x0000009143200000,0x0000009143300000)]
  0x00000229e78f2800 JavaThread "Unconstrained build operations Thread 66" [_thread_blocked, id=108656, stack(0x0000009143300000,0x0000009143400000)]
  0x00000229e78ec800 JavaThread "Unconstrained build operations Thread 67" [_thread_blocked, id=103780, stack(0x0000009143400000,0x0000009143500000)]
  0x00000229e77ec000 JavaThread "Unconstrained build operations Thread 68" [_thread_blocked, id=105568, stack(0x0000009143500000,0x0000009143600000)]
  0x00000229e77ea800 JavaThread "Unconstrained build operations Thread 69" [_thread_blocked, id=101092, stack(0x0000009143600000,0x0000009143700000)]
  0x00000229e77ed000 JavaThread "Unconstrained build operations Thread 70" [_thread_blocked, id=55508, stack(0x0000009143700000,0x0000009143800000)]
  0x00000229e77eb800 JavaThread "Unconstrained build operations Thread 71" [_thread_blocked, id=102756, stack(0x0000009143800000,0x0000009143900000)]
  0x00000229e77ee000 JavaThread "Unconstrained build operations Thread 72" [_thread_blocked, id=106284, stack(0x0000009143900000,0x0000009143a00000)]
  0x00000229e77e8000 JavaThread "Unconstrained build operations Thread 73" [_thread_blocked, id=98880, stack(0x0000009143a00000,0x0000009143b00000)]
  0x00000229e77ee800 JavaThread "Unconstrained build operations Thread 74" [_thread_blocked, id=81428, stack(0x0000009143b00000,0x0000009143c00000)]
  0x00000229e77e9000 JavaThread "Unconstrained build operations Thread 75" [_thread_blocked, id=80344, stack(0x0000009143c00000,0x0000009143d00000)]
  0x00000229e77e9800 JavaThread "Unconstrained build operations Thread 76" [_thread_blocked, id=110056, stack(0x0000009143d00000,0x0000009143e00000)]
  0x00000229e77f4800 JavaThread "Unconstrained build operations Thread 77" [_thread_blocked, id=97400, stack(0x0000009143e00000,0x0000009143f00000)]
  0x00000229e77f2800 JavaThread "Unconstrained build operations Thread 78" [_thread_blocked, id=107852, stack(0x0000009143f00000,0x0000009144000000)]
  0x00000229e77ef800 JavaThread "Unconstrained build operations Thread 79" [_thread_blocked, id=85880, stack(0x0000009144000000,0x0000009144100000)]
  0x00000229e77f3800 JavaThread "Unconstrained build operations Thread 80" [_thread_blocked, id=108904, stack(0x0000009144100000,0x0000009144200000)]
  0x00000229e77f2000 JavaThread "jar transforms Thread 4" [_thread_blocked, id=107452, stack(0x0000009144200000,0x0000009144300000)]
  0x00000229e77f5000 JavaThread "jar transforms Thread 5" [_thread_blocked, id=62028, stack(0x0000009144300000,0x0000009144400000)]
  0x00000229e77f6000 JavaThread "jar transforms Thread 6" [_thread_blocked, id=72684, stack(0x0000009144400000,0x0000009144500000)]
  0x00000229e77f0800 JavaThread "jar transforms Thread 7" [_thread_blocked, id=55084, stack(0x0000009144500000,0x0000009144600000)]
  0x00000229e77f7000 JavaThread "jar transforms Thread 8" [_thread_blocked, id=48784, stack(0x0000009144600000,0x0000009144700000)]
  0x00000229e77f1000 JavaThread "Memory manager" [_thread_blocked, id=104788, stack(0x0000009144700000,0x0000009144800000)]
  0x00000229eb12a800 JavaThread "build event listener" [_thread_blocked, id=33108, stack(0x0000009144900000,0x0000009144a00000)]
  0x00000229eb127000 JavaThread "included builds" [_thread_blocked, id=108972, stack(0x0000009144a00000,0x0000009144b00000)]
  0x00000229eb12d800 JavaThread "Execution worker for ':'" [_thread_blocked, id=10476, stack(0x0000009144b00000,0x0000009144c00000)]
  0x00000229eb128000 JavaThread "Execution worker for ':' Thread 2" [_thread_blocked, id=109776, stack(0x0000009144c00000,0x0000009144d00000)]
  0x00000229eb128800 JavaThread "Execution worker for ':' Thread 3" [_thread_blocked, id=107428, stack(0x0000009144d00000,0x0000009144e00000)]
  0x00000229eb12d000 JavaThread "Execution worker for ':' Thread 4" [_thread_blocked, id=109836, stack(0x0000009144e00000,0x0000009144f00000)]
  0x00000229eb129800 JavaThread "Execution worker for ':' Thread 5" [_thread_blocked, id=94540, stack(0x0000009144f00000,0x0000009145000000)]
  0x00000229eb12b000 JavaThread "Execution worker for ':' Thread 6" [_thread_blocked, id=29532, stack(0x0000009145000000,0x0000009145100000)]
  0x00000229eb12c000 JavaThread "Execution worker for ':' Thread 7" [_thread_blocked, id=108212, stack(0x0000009145100000,0x0000009145200000)]
  0x00000229eae48000 JavaThread "Cache worker for execution history cache (C:\Users\User\AndroidStudioProjects\CalcularIMC\.gradle\7.4\executionHistory)" [_thread_blocked, id=107484, stack(0x0000009145200000,0x0000009145300000)]
  0x00000229eae4a800 JavaThread "WorkerExecutor Queue" [_thread_blocked, id=96524, stack(0x0000009145700000,0x0000009145800000)]
  0x00000229eae49000 JavaThread "WorkerExecutor Queue Thread 2" [_thread_blocked, id=109744, stack(0x0000009145900000,0x0000009145a00000)]
  0x00000229eae49800 JavaThread "WorkerExecutor Queue Thread 3" [_thread_blocked, id=91308, stack(0x0000009145800000,0x0000009145900000)]

Other Threads:
  0x00000229e261e000 VMThread "VM Thread" [stack: 0x000000913c500000,0x000000913c600000] [id=110456]
  0x00000229e3131800 WatcherThread [stack: 0x000000913cf00000,0x000000913d000000] [id=110020]
  0x00000229c79c2800 GCTaskThread "GC Thread#0" [stack: 0x000000913c000000,0x000000913c100000] [id=109440]
  0x00000229e3de1800 GCTaskThread "GC Thread#1" [stack: 0x000000913d000000,0x000000913d100000] [id=78700]
  0x00000229e3de2000 GCTaskThread "GC Thread#2" [stack: 0x000000913d100000,0x000000913d200000] [id=110232]
  0x00000229e4adc800 GCTaskThread "GC Thread#3" [stack: 0x000000913dc00000,0x000000913dd00000] [id=108004]
  0x00000229e45e9800 GCTaskThread "GC Thread#4" [stack: 0x000000913dd00000,0x000000913de00000] [id=101540]
  0x00000229e4226000 GCTaskThread "GC Thread#5" [stack: 0x000000913de00000,0x000000913df00000] [id=99824]
  0x00000229e3e8e000 GCTaskThread "GC Thread#6" [stack: 0x000000913df00000,0x000000913e000000] [id=108596]
  0x00000229e3e8f000 GCTaskThread "GC Thread#7" [stack: 0x000000913e000000,0x000000913e100000] [id=17740]
  0x00000229c79f6000 ConcurrentGCThread "G1 Main Marker" [stack: 0x000000913c100000,0x000000913c200000] [id=98988]
  0x00000229c79f8000 ConcurrentGCThread "G1 Conc#0" [stack: 0x000000913c200000,0x000000913c300000] [id=91248]
  0x00000229e5105000 ConcurrentGCThread "G1 Conc#1" [stack: 0x000000913e400000,0x000000913e500000] [id=106520]
  0x00000229e2470800 ConcurrentGCThread "G1 Refine#0" [stack: 0x000000913c300000,0x000000913c400000] [id=109468]
  0x00000229e59cd800 ConcurrentGCThread "G1 Refine#1" [stack: 0x0000009145300000,0x0000009145400000] [id=108848]
  0x00000229e4066000 ConcurrentGCThread "G1 Refine#2" [stack: 0x0000009145400000,0x0000009145500000] [id=101124]
  0x00000229eb21c000 ConcurrentGCThread "G1 Refine#3" [stack: 0x0000009145500000,0x0000009145600000] [id=107956]
  0x00000229e2471000 ConcurrentGCThread "G1 Young RemSet Sampling" [stack: 0x000000913c400000,0x000000913c500000] [id=102576]

Threads with active compile tasks:
C2 CompilerThread0  42061 11016   !   4       org.gradle.internal.classloader.CachingClassLoader::loadClass (85 bytes)

VM state:at safepoint (normal execution)

VM Mutex/Monitor currently owned by a thread:  ([mutex/lock_event])
[0x00000229c79a67f0] Threads_lock - owner thread: 0x00000229e261e000
[0x00000229c79a74e0] Heap_lock - owner thread: 0x00000229e90a6000

OutOfMemory and StackOverflow Exception counts:
OutOfMemoryError java_heap_errors=2
LinkageErrors=126

Heap address: 0x0000000080000000, size: 2048 MB, Compressed Oops mode: 32-bit
Narrow klass base: 0x0000000000000000, Narrow klass shift: 3
Compressed class space size: 1073741824 Address: 0x0000000100000000

Heap:
 garbage-first heap   total 187392K, used 145559K [0x0000000080000000, 0x0000000100000000)
  region size 1024K, 51 young (52224K), 2 survivors (2048K)
 Metaspace       used 94365K, capacity 96756K, committed 97148K, reserved 1132544K
  class space    used 12182K, capacity 13112K, committed 13260K, reserved 1048576K
Heap Regions: E=young(eden), S=young(survivor), O=old, HS=humongous(starts), HC=humongous(continues), CS=collection set, F=free, A=archive, TAMS=top-at-mark-start (previous, next)
|   0|0x0000000080000000, 0x0000000080100000, 0x0000000080100000|100%| O|  |TAMS 0x0000000080100000, 0x0000000080000000| Complete 
|   1|0x0000000080100000, 0x0000000080200000, 0x0000000080200000|100%| O|  |TAMS 0x0000000080200000, 0x0000000080100000| Untracked 
|   2|0x0000000080200000, 0x0000000080300000, 0x0000000080300000|100%| O|  |TAMS 0x0000000080300000, 0x0000000080200000| Untracked 
|   3|0x0000000080300000, 0x0000000080400000, 0x0000000080400000|100%|HS|  |TAMS 0x0000000080400000, 0x0000000080300000| Complete 
|   4|0x0000000080400000, 0x0000000080500000, 0x0000000080500000|100%|HC|  |TAMS 0x0000000080500000, 0x0000000080400000| Complete 
|   5|0x0000000080500000, 0x0000000080600000, 0x0000000080600000|100%|HC|  |TAMS 0x0000000080600000, 0x0000000080500000| Complete 
|   6|0x0000000080600000, 0x0000000080700000, 0x0000000080700000|100%| O|  |TAMS 0x0000000080700000, 0x0000000080600000| Untracked 
|   7|0x0000000080700000, 0x0000000080800000, 0x0000000080800000|100%| O|  |TAMS 0x0000000080800000, 0x0000000080700000| Complete 
|   8|0x0000000080800000, 0x0000000080900000, 0x0000000080900000|100%| O|  |TAMS 0x0000000080900000, 0x0000000080800000| Untracked 
|   9|0x0000000080900000, 0x0000000080a00000, 0x0000000080a00000|100%| O|  |TAMS 0x0000000080a00000, 0x0000000080900000| Untracked 
|  10|0x0000000080a00000, 0x0000000080b00000, 0x0000000080b00000|100%| O|  |TAMS 0x0000000080b00000, 0x0000000080a00000| Untracked 
|  11|0x0000000080b00000, 0x0000000080c00000, 0x0000000080c00000|100%| O|  |TAMS 0x0000000080c00000, 0x0000000080b00000| Untracked 
|  12|0x0000000080c00000, 0x0000000080d00000, 0x0000000080d00000|100%| O|  |TAMS 0x0000000080d00000, 0x0000000080c00000| Untracked 
|  13|0x0000000080d00000, 0x0000000080e00000, 0x0000000080e00000|100%| O|  |TAMS 0x0000000080e00000, 0x0000000080d00000| Untracked 
|  14|0x0000000080e00000, 0x0000000080f00000, 0x0000000080f00000|100%| O|  |TAMS 0x0000000080f00000, 0x0000000080e00000| Untracked 
|  15|0x0000000080f00000, 0x0000000081000000, 0x0000000081000000|100%| O|  |TAMS 0x0000000081000000, 0x0000000080f00000| Untracked 
|  16|0x0000000081000000, 0x0000000081100000, 0x0000000081100000|100%| O|  |TAMS 0x0000000081100000, 0x0000000081000000| Untracked 
|  17|0x0000000081100000, 0x0000000081200000, 0x0000000081200000|100%|HS|  |TAMS 0x0000000081200000, 0x0000000081100000| Complete 
|  18|0x0000000081200000, 0x0000000081300000, 0x0000000081300000|100%| O|  |TAMS 0x0000000081300000, 0x0000000081200000| Untracked 
|  19|0x0000000081300000, 0x0000000081400000, 0x0000000081400000|100%| O|  |TAMS 0x0000000081400000, 0x0000000081300000| Untracked 
|  20|0x0000000081400000, 0x0000000081500000, 0x0000000081500000|100%| O|  |TAMS 0x0000000081500000, 0x0000000081400000| Untracked 
|  21|0x0000000081500000, 0x0000000081600000, 0x0000000081600000|100%| O|  |TAMS 0x0000000081600000, 0x0000000081500000| Untracked 
|  22|0x0000000081600000, 0x0000000081700000, 0x0000000081700000|100%| O|  |TAMS 0x0000000081700000, 0x0000000081600000| Untracked 
|  23|0x0000000081700000, 0x0000000081800000, 0x0000000081800000|100%| O|  |TAMS 0x0000000081800000, 0x0000000081700000| Complete 
|  24|0x0000000081800000, 0x0000000081900000, 0x0000000081900000|100%|HS|  |TAMS 0x0000000081900000, 0x0000000081800000| Complete 
|  25|0x0000000081900000, 0x0000000081a00000, 0x0000000081a00000|100%| O|  |TAMS 0x0000000081a00000, 0x0000000081900000| Untracked 
|  26|0x0000000081a00000, 0x0000000081b00000, 0x0000000081b00000|100%|HS|  |TAMS 0x0000000081b00000, 0x0000000081a00000| Complete 
|  27|0x0000000081b00000, 0x0000000081c00000, 0x0000000081c00000|100%|HC|  |TAMS 0x0000000081c00000, 0x0000000081b00000| Complete 
|  28|0x0000000081c00000, 0x0000000081d00000, 0x0000000081d00000|100%| O|  |TAMS 0x0000000081d00000, 0x0000000081c00000| Untracked 
|  29|0x0000000081d00000, 0x0000000081e00000, 0x0000000081e00000|100%| O|  |TAMS 0x0000000081e00000, 0x0000000081d00000| Untracked 
|  30|0x0000000081e00000, 0x0000000081f00000, 0x0000000081f00000|100%| O|  |TAMS 0x0000000081f00000, 0x0000000081e00000| Untracked 
|  31|0x0000000081f00000, 0x0000000082000000, 0x0000000082000000|100%| O|  |TAMS 0x0000000082000000, 0x0000000081f00000| Untracked 
|  32|0x0000000082000000, 0x0000000082100000, 0x0000000082100000|100%| O|  |TAMS 0x0000000082100000, 0x0000000082000000| Untracked 
|  33|0x0000000082100000, 0x0000000082200000, 0x0000000082200000|100%| O|  |TAMS 0x0000000082200000, 0x0000000082100000| Untracked 
|  34|0x0000000082200000, 0x0000000082300000, 0x0000000082300000|100%| O|  |TAMS 0x0000000082300000, 0x0000000082200000| Untracked 
|  35|0x0000000082300000, 0x0000000082400000, 0x0000000082400000|100%| O|  |TAMS 0x0000000082400000, 0x0000000082300000| Untracked 
|  36|0x0000000082400000, 0x0000000082500000, 0x0000000082500000|100%| O|  |TAMS 0x0000000082500000, 0x0000000082400000| Untracked 
|  37|0x0000000082500000, 0x0000000082600000, 0x0000000082600000|100%| O|  |TAMS 0x0000000082600000, 0x0000000082500000| Untracked 
|  38|0x0000000082600000, 0x0000000082700000, 0x0000000082700000|100%| O|  |TAMS 0x0000000082700000, 0x0000000082600000| Complete 
|  39|0x0000000082700000, 0x0000000082800000, 0x0000000082800000|100%| O|  |TAMS 0x0000000082800000, 0x0000000082700000| Untracked 
|  40|0x0000000082800000, 0x0000000082900000, 0x0000000082900000|100%| O|  |TAMS 0x0000000082900000, 0x0000000082800000| Complete 
|  41|0x0000000082900000, 0x0000000082a00000, 0x0000000082a00000|100%| O|  |TAMS 0x0000000082a00000, 0x0000000082900000| Complete 
|  42|0x0000000082a00000, 0x0000000082b00000, 0x0000000082b00000|100%| O|  |TAMS 0x0000000082b00000, 0x0000000082a00000| Untracked 
|  43|0x0000000082b00000, 0x0000000082c00000, 0x0000000082c00000|100%| O|  |TAMS 0x0000000082c00000, 0x0000000082b00000| Untracked 
|  44|0x0000000082c00000, 0x0000000082d00000, 0x0000000082d00000|100%| O|  |TAMS 0x0000000082d00000, 0x0000000082c00000| Untracked 
|  45|0x0000000082d00000, 0x0000000082e00000, 0x0000000082e00000|100%| O|  |TAMS 0x0000000082e00000, 0x0000000082d00000| Untracked 
|  46|0x0000000082e00000, 0x0000000082f00000, 0x0000000082f00000|100%| O|  |TAMS 0x0000000082f00000, 0x0000000082e00000| Untracked 
|  47|0x0000000082f00000, 0x0000000083000000, 0x0000000083000000|100%| O|  |TAMS 0x0000000083000000, 0x0000000082f00000| Untracked 
|  48|0x0000000083000000, 0x0000000083100000, 0x0000000083100000|100%| O|  |TAMS 0x0000000083100000, 0x0000000083000000| Untracked 
|  49|0x0000000083100000, 0x0000000083200000, 0x0000000083200000|100%| O|  |TAMS 0x0000000083200000, 0x0000000083100000| Untracked 
|  50|0x0000000083200000, 0x0000000083300000, 0x0000000083300000|100%| O|  |TAMS 0x0000000083300000, 0x0000000083200000| Untracked 
|  51|0x0000000083300000, 0x0000000083400000, 0x0000000083400000|100%| O|  |TAMS 0x0000000083400000, 0x0000000083300000| Complete 
|  52|0x0000000083400000, 0x0000000083500000, 0x0000000083500000|100%| O|  |TAMS 0x0000000083500000, 0x0000000083400000| Complete 
|  53|0x0000000083500000, 0x0000000083600000, 0x0000000083600000|100%| O|  |TAMS 0x0000000083600000, 0x0000000083500000| Untracked 
|  54|0x0000000083600000, 0x0000000083700000, 0x0000000083700000|100%| O|  |TAMS 0x0000000083700000, 0x0000000083600000| Untracked 
|  55|0x0000000083700000, 0x0000000083800000, 0x0000000083800000|100%| O|  |TAMS 0x0000000083800000, 0x0000000083700000| Untracked 
|  56|0x0000000083800000, 0x0000000083900000, 0x0000000083900000|100%| O|  |TAMS 0x0000000083900000, 0x0000000083800000| Untracked 
|  57|0x0000000083900000, 0x0000000083a00000, 0x0000000083a00000|100%| O|  |TAMS 0x0000000083a00000, 0x0000000083900000| Untracked 
|  58|0x0000000083a00000, 0x0000000083b00000, 0x0000000083b00000|100%| O|  |TAMS 0x0000000083b00000, 0x0000000083a00000| Complete 
|  59|0x0000000083b00000, 0x0000000083c00000, 0x0000000083c00000|100%| O|  |TAMS 0x0000000083c00000, 0x0000000083b00000| Complete 
|  60|0x0000000083c00000, 0x0000000083d00000, 0x0000000083d00000|100%| O|  |TAMS 0x0000000083c00000, 0x0000000083c00000| Untracked 
|  61|0x0000000083d00000, 0x0000000083e00000, 0x0000000083e00000|100%| O|  |TAMS 0x0000000083e00000, 0x0000000083d00000| Complete 
|  62|0x0000000083e00000, 0x0000000083f00000, 0x0000000083f00000|100%| O|  |TAMS 0x0000000083f00000, 0x0000000083e00000| Complete 
|  63|0x0000000083f00000, 0x0000000084000000, 0x0000000084000000|100%| O|  |TAMS 0x0000000084000000, 0x0000000083f00000| Complete 
|  64|0x0000000084000000, 0x0000000084100000, 0x0000000084100000|100%| O|  |TAMS 0x0000000084000000, 0x0000000084000000| Untracked 
|  65|0x0000000084100000, 0x00000000841f6fe0, 0x0000000084200000| 96%| O|  |TAMS 0x0000000084100000, 0x0000000084100000| Untracked 
|  66|0x0000000084200000, 0x0000000084200000, 0x0000000084300000|  0%| F|  |TAMS 0x0000000084200000, 0x0000000084200000| Untracked 
|  67|0x0000000084300000, 0x0000000084400000, 0x0000000084400000|100%| O|  |TAMS 0x0000000084400000, 0x0000000084300000| Complete 
|  68|0x0000000084400000, 0x0000000084500000, 0x0000000084500000|100%| O|  |TAMS 0x0000000084500000, 0x0000000084400000| Complete 
|  69|0x0000000084500000, 0x0000000084600000, 0x0000000084600000|100%| O|  |TAMS 0x0000000084600000, 0x0000000084500000| Complete 
|  70|0x0000000084600000, 0x0000000084700000, 0x0000000084700000|100%| O|  |TAMS 0x0000000084700000, 0x0000000084600000| Complete 
|  71|0x0000000084700000, 0x0000000084800000, 0x0000000084800000|100%| O|  |TAMS 0x0000000084800000, 0x0000000084700000| Complete 
|  72|0x0000000084800000, 0x0000000084900000, 0x0000000084900000|100%| O|  |TAMS 0x0000000084900000, 0x0000000084800000| Complete 
|  73|0x0000000084900000, 0x0000000084a00000, 0x0000000084a00000|100%| O|  |TAMS 0x0000000084a00000, 0x0000000084900000| Untracked 
|  74|0x0000000084a00000, 0x0000000084b00000, 0x0000000084b00000|100%| O|  |TAMS 0x0000000084b00000, 0x0000000084a00000| Untracked 
|  75|0x0000000084b00000, 0x0000000084c00000, 0x0000000084c00000|100%| O|  |TAMS 0x0000000084c00000, 0x0000000084b00000| Complete 
|  76|0x0000000084c00000, 0x0000000084d00000, 0x0000000084d00000|100%| O|  |TAMS 0x0000000084d00000, 0x0000000084c00000| Complete 
|  77|0x0000000084d00000, 0x0000000084e00000, 0x0000000084e00000|100%| O|  |TAMS 0x0000000084d25c00, 0x0000000084d00000| Untracked 
|  78|0x0000000084e00000, 0x0000000084f00000, 0x0000000084f00000|100%|HS|  |TAMS 0x0000000084e00000, 0x0000000084e00000| Complete 
|  79|0x0000000084f00000, 0x0000000085000000, 0x0000000085000000|100%|HS|  |TAMS 0x0000000084f00000, 0x0000000084f00000| Complete 
|  80|0x0000000085000000, 0x0000000085000000, 0x0000000085100000|  0%| F|  |TAMS 0x0000000085000000, 0x0000000085000000| Untracked 
|  81|0x0000000085100000, 0x0000000085100000, 0x0000000085200000|  0%| F|  |TAMS 0x0000000085100000, 0x0000000085100000| Untracked 
|  82|0x0000000085200000, 0x0000000085200000, 0x0000000085300000|  0%| F|  |TAMS 0x0000000085200000, 0x0000000085200000| Untracked 
|  83|0x0000000085300000, 0x0000000085300000, 0x0000000085400000|  0%| F|  |TAMS 0x0000000085300000, 0x0000000085300000| Untracked 
|  84|0x0000000085400000, 0x0000000085400000, 0x0000000085500000|  0%| F|  |TAMS 0x0000000085400000, 0x0000000085400000| Untracked 
|  85|0x0000000085500000, 0x0000000085600000, 0x0000000085600000|100%| O|  |TAMS 0x0000000085600000, 0x0000000085500000| Complete 
|  86|0x0000000085600000, 0x0000000085700000, 0x0000000085700000|100%| O|  |TAMS 0x0000000085700000, 0x0000000085600000| Complete 
|  87|0x0000000085700000, 0x0000000085800000, 0x0000000085800000|100%| O|  |TAMS 0x0000000085800000, 0x0000000085700000| Complete 
|  88|0x0000000085800000, 0x0000000085800000, 0x0000000085900000|  0%| F|  |TAMS 0x0000000085800000, 0x0000000085800000| Untracked 
|  89|0x0000000085900000, 0x0000000085900000, 0x0000000085a00000|  0%| F|  |TAMS 0x0000000085900000, 0x0000000085900000| Untracked 
|  90|0x0000000085a00000, 0x0000000085a00000, 0x0000000085b00000|  0%| F|  |TAMS 0x0000000085a00000, 0x0000000085a00000| Untracked 
|  91|0x0000000085b00000, 0x0000000085b00000, 0x0000000085c00000|  0%| F|  |TAMS 0x0000000085b00000, 0x0000000085b00000| Untracked 
|  92|0x0000000085c00000, 0x0000000085c00000, 0x0000000085d00000|  0%| F|  |TAMS 0x0000000085c00000, 0x0000000085c00000| Untracked 
|  93|0x0000000085d00000, 0x0000000085d00000, 0x0000000085e00000|  0%| F|  |TAMS 0x0000000085d00000, 0x0000000085d00000| Untracked 
|  94|0x0000000085e00000, 0x0000000085e00000, 0x0000000085f00000|  0%| F|  |TAMS 0x0000000085e00000, 0x0000000085e00000| Untracked 
|  95|0x0000000085f00000, 0x0000000086000000, 0x0000000086000000|100%| O|  |TAMS 0x0000000086000000, 0x0000000085f00000| Complete 
|  96|0x0000000086000000, 0x0000000086100000, 0x0000000086100000|100%| O|  |TAMS 0x0000000086100000, 0x0000000086000000| Untracked 
|  97|0x0000000086100000, 0x0000000086200000, 0x0000000086200000|100%| O|  |TAMS 0x0000000086200000, 0x0000000086100000| Untracked 
|  98|0x0000000086200000, 0x0000000086200000, 0x0000000086300000|  0%| F|  |TAMS 0x0000000086200000, 0x0000000086200000| Untracked 
|  99|0x0000000086300000, 0x0000000086300000, 0x0000000086400000|  0%| F|  |TAMS 0x0000000086300000, 0x0000000086300000| Untracked 
| 100|0x0000000086400000, 0x0000000086400000, 0x0000000086500000|  0%| F|  |TAMS 0x0000000086400000, 0x0000000086400000| Untracked 
| 101|0x0000000086500000, 0x0000000086600000, 0x0000000086600000|100%| O|  |TAMS 0x0000000086600000, 0x0000000086500000| Complete 
| 102|0x0000000086600000, 0x0000000086700000, 0x0000000086700000|100%| O|  |TAMS 0x0000000086700000, 0x0000000086600000| Untracked 
| 103|0x0000000086700000, 0x0000000086800000, 0x0000000086800000|100%| O|  |TAMS 0x0000000086800000, 0x0000000086700000| Complete 
| 104|0x0000000086800000, 0x0000000086900000, 0x0000000086900000|100%| O|  |TAMS 0x0000000086900000, 0x0000000086800000| Complete 
| 105|0x0000000086900000, 0x0000000086900000, 0x0000000086a00000|  0%| F|  |TAMS 0x0000000086900000, 0x0000000086900000| Untracked 
| 106|0x0000000086a00000, 0x0000000086a00000, 0x0000000086b00000|  0%| F|  |TAMS 0x0000000086a00000, 0x0000000086a00000| Untracked 
| 107|0x0000000086b00000, 0x0000000086b00000, 0x0000000086c00000|  0%| F|  |TAMS 0x0000000086b00000, 0x0000000086b00000| Untracked 
| 108|0x0000000086c00000, 0x0000000086c00000, 0x0000000086d00000|  0%| F|  |TAMS 0x0000000086c00000, 0x0000000086c00000| Untracked 
| 109|0x0000000086d00000, 0x0000000086d00000, 0x0000000086e00000|  0%| F|  |TAMS 0x0000000086d00000, 0x0000000086d00000| Untracked 
| 110|0x0000000086e00000, 0x0000000086e00000, 0x0000000086f00000|  0%| F|  |TAMS 0x0000000086e00000, 0x0000000086e00000| Untracked 
| 111|0x0000000086f00000, 0x0000000086f00000, 0x0000000087000000|  0%| F|  |TAMS 0x0000000086f00000, 0x0000000086f00000| Untracked 
| 112|0x0000000087000000, 0x0000000087000000, 0x0000000087100000|  0%| F|  |TAMS 0x0000000087000000, 0x0000000087000000| Untracked 
| 113|0x0000000087100000, 0x0000000087200000, 0x0000000087200000|100%| E|CS|TAMS 0x0000000087100000, 0x0000000087100000| Complete 
| 114|0x0000000087200000, 0x0000000087300000, 0x0000000087300000|100%| E|CS|TAMS 0x0000000087200000, 0x0000000087200000| Complete 
| 115|0x0000000087300000, 0x0000000087300000, 0x0000000087400000|  0%| F|  |TAMS 0x0000000087300000, 0x0000000087300000| Untracked 
| 116|0x0000000087400000, 0x0000000087500000, 0x0000000087500000|100%| E|CS|TAMS 0x0000000087400000, 0x0000000087400000| Complete 
| 117|0x0000000087500000, 0x0000000087600000, 0x0000000087600000|100%| E|CS|TAMS 0x0000000087500000, 0x0000000087500000| Complete 
| 118|0x0000000087600000, 0x0000000087700000, 0x0000000087700000|100%| E|CS|TAMS 0x0000000087600000, 0x0000000087600000| Complete 
| 119|0x0000000087700000, 0x0000000087800000, 0x0000000087800000|100%| E|CS|TAMS 0x0000000087700000, 0x0000000087700000| Complete 
| 120|0x0000000087800000, 0x0000000087900000, 0x0000000087900000|100%| E|CS|TAMS 0x0000000087800000, 0x0000000087800000| Complete 
| 121|0x0000000087900000, 0x0000000087a00000, 0x0000000087a00000|100%| E|CS|TAMS 0x0000000087900000, 0x0000000087900000| Complete 
| 122|0x0000000087a00000, 0x0000000087a00000, 0x0000000087b00000|  0%| F|  |TAMS 0x0000000087a00000, 0x0000000087a00000| Untracked 
| 123|0x0000000087b00000, 0x0000000087b00000, 0x0000000087c00000|  0%| F|  |TAMS 0x0000000087b00000, 0x0000000087b00000| Untracked 
| 124|0x0000000087c00000, 0x0000000087c00000, 0x0000000087d00000|  0%| F|  |TAMS 0x0000000087c00000, 0x0000000087c00000| Untracked 
| 125|0x0000000087d00000, 0x0000000087d00000, 0x0000000087e00000|  0%| F|  |TAMS 0x0000000087d00000, 0x0000000087d00000| Untracked 
| 126|0x0000000087e00000, 0x0000000087e00000, 0x0000000087f00000|  0%| F|  |TAMS 0x0000000087e00000, 0x0000000087e00000| Untracked 
| 127|0x0000000087f00000, 0x0000000087fe83e0, 0x0000000088000000| 90%| S|CS|TAMS 0x0000000087f00000, 0x0000000087f00000| Complete 
| 128|0x0000000088000000, 0x0000000088100000, 0x0000000088100000|100%| S|CS|TAMS 0x0000000088000000, 0x0000000088000000| Complete 
| 129|0x0000000088100000, 0x0000000088200000, 0x0000000088200000|100%| S|CS|TAMS 0x0000000088100000, 0x0000000088100000| Complete 
| 130|0x0000000088200000, 0x0000000088300000, 0x0000000088300000|100%| S|CS|TAMS 0x0000000088200000, 0x0000000088200000| Complete 
| 131|0x0000000088300000, 0x0000000088400000, 0x0000000088400000|100%| S|CS|TAMS 0x0000000088300000, 0x0000000088300000| Complete 
| 132|0x0000000088400000, 0x0000000088500000, 0x0000000088500000|100%| S|CS|TAMS 0x0000000088400000, 0x0000000088400000| Complete 
| 133|0x0000000088500000, 0x0000000088600000, 0x0000000088600000|100%| S|CS|TAMS 0x0000000088500000, 0x0000000088500000| Complete 
| 134|0x0000000088600000, 0x0000000088600000, 0x0000000088700000|  0%| F|  |TAMS 0x0000000088600000, 0x0000000088600000| Untracked 
| 135|0x0000000088700000, 0x0000000088700000, 0x0000000088800000|  0%| F|  |TAMS 0x0000000088700000, 0x0000000088700000| Untracked 
| 136|0x0000000088800000, 0x0000000088800000, 0x0000000088900000|  0%| F|  |TAMS 0x0000000088800000, 0x0000000088800000| Untracked 
| 137|0x0000000088900000, 0x0000000088900000, 0x0000000088a00000|  0%| F|  |TAMS 0x0000000088900000, 0x0000000088900000| Untracked 
| 138|0x0000000088a00000, 0x0000000088a00000, 0x0000000088b00000|  0%| F|  |TAMS 0x0000000088a00000, 0x0000000088a00000| Untracked 
| 139|0x0000000088b00000, 0x0000000088b00000, 0x0000000088c00000|  0%| F|  |TAMS 0x0000000088b00000, 0x0000000088b00000| Untracked 
| 140|0x0000000088c00000, 0x0000000088c00000, 0x0000000088d00000|  0%| F|  |TAMS 0x0000000088c00000, 0x0000000088c00000| Untracked 
| 141|0x0000000088d00000, 0x0000000088d00000, 0x0000000088e00000|  0%| F|  |TAMS 0x0000000088d00000, 0x0000000088d00000| Untracked 
| 142|0x0000000088e00000, 0x0000000088e00000, 0x0000000088f00000|  0%| F|  |TAMS 0x0000000088e00000, 0x0000000088e00000| Untracked 
| 143|0x0000000088f00000, 0x0000000088f00000, 0x0000000089000000|  0%| F|  |TAMS 0x0000000088f00000, 0x0000000088f00000| Untracked 
| 144|0x0000000089000000, 0x0000000089000000, 0x0000000089100000|  0%| F|  |TAMS 0x0000000089000000, 0x0000000089000000| Untracked 
| 145|0x0000000089100000, 0x0000000089100000, 0x0000000089200000|  0%| F|  |TAMS 0x0000000089100000, 0x0000000089100000| Untracked 
| 146|0x0000000089200000, 0x0000000089200000, 0x0000000089300000|  0%| F|  |TAMS 0x0000000089200000, 0x0000000089200000| Untracked 
| 147|0x0000000089300000, 0x0000000089300000, 0x0000000089400000|  0%| F|  |TAMS 0x0000000089300000, 0x0000000089300000| Untracked 
| 148|0x0000000089400000, 0x0000000089400000, 0x0000000089500000|  0%| F|  |TAMS 0x0000000089400000, 0x0000000089400000| Untracked 
| 149|0x0000000089500000, 0x0000000089500000, 0x0000000089600000|  0%| F|  |TAMS 0x0000000089500000, 0x0000000089500000| Untracked 
| 150|0x0000000089600000, 0x0000000089600000, 0x0000000089700000|  0%| F|  |TAMS 0x0000000089600000, 0x0000000089600000| Untracked 
| 151|0x0000000089700000, 0x0000000089700000, 0x0000000089800000|  0%| F|  |TAMS 0x0000000089700000, 0x0000000089700000| Untracked 
| 152|0x0000000089800000, 0x0000000089800000, 0x0000000089900000|  0%| F|  |TAMS 0x0000000089800000, 0x0000000089800000| Untracked 
| 153|0x0000000089900000, 0x0000000089900000, 0x0000000089a00000|  0%| F|  |TAMS 0x0000000089900000, 0x0000000089900000| Untracked 
| 154|0x0000000089a00000, 0x0000000089a00000, 0x0000000089b00000|  0%| F|  |TAMS 0x0000000089a00000, 0x0000000089a00000| Untracked 
| 155|0x0000000089b00000, 0x0000000089b00000, 0x0000000089c00000|  0%| F|  |TAMS 0x0000000089b00000, 0x0000000089b00000| Untracked 
| 156|0x0000000089c00000, 0x0000000089c00000, 0x0000000089d00000|  0%| F|  |TAMS 0x0000000089c00000, 0x0000000089c00000| Untracked 
| 157|0x0000000089d00000, 0x0000000089d00000, 0x0000000089e00000|  0%| F|  |TAMS 0x0000000089d00000, 0x0000000089d00000| Untracked 
| 158|0x0000000089e00000, 0x0000000089e00000, 0x0000000089f00000|  0%| F|  |TAMS 0x0000000089e00000, 0x0000000089e00000| Untracked 
| 159|0x0000000089f00000, 0x0000000089f00000, 0x000000008a000000|  0%| F|  |TAMS 0x0000000089f00000, 0x0000000089f00000| Untracked 
| 160|0x000000008a000000, 0x000000008a000000, 0x000000008a100000|  0%| F|  |TAMS 0x000000008a000000, 0x000000008a000000| Untracked 
| 161|0x000000008a100000, 0x000000008a100000, 0x000000008a200000|  0%| F|  |TAMS 0x000000008a100000, 0x000000008a100000| Untracked 
| 162|0x000000008a200000, 0x000000008a200000, 0x000000008a300000|  0%| F|  |TAMS 0x000000008a200000, 0x000000008a200000| Untracked 
| 163|0x000000008a300000, 0x000000008a300000, 0x000000008a400000|  0%| F|  |TAMS 0x000000008a300000, 0x000000008a300000| Untracked 
| 164|0x000000008a400000, 0x000000008a400000, 0x000000008a500000|  0%| F|  |TAMS 0x000000008a400000, 0x000000008a400000| Untracked 
| 165|0x000000008a500000, 0x000000008a500000, 0x000000008a600000|  0%| F|  |TAMS 0x000000008a500000, 0x000000008a500000| Untracked 
| 166|0x000000008a600000, 0x000000008a600000, 0x000000008a700000|  0%| F|  |TAMS 0x000000008a600000, 0x000000008a600000| Untracked 
| 167|0x000000008a700000, 0x000000008a700000, 0x000000008a800000|  0%| F|  |TAMS 0x000000008a700000, 0x000000008a700000| Untracked 
| 168|0x000000008a800000, 0x000000008a800000, 0x000000008a900000|  0%| F|  |TAMS 0x000000008a800000, 0x000000008a800000| Untracked 
| 169|0x000000008a900000, 0x000000008a900000, 0x000000008aa00000|  0%| F|  |TAMS 0x000000008a900000, 0x000000008a900000| Untracked 
| 170|0x000000008aa00000, 0x000000008aa00000, 0x000000008ab00000|  0%| F|  |TAMS 0x000000008aa00000, 0x000000008aa00000| Untracked 
| 171|0x000000008ab00000, 0x000000008ab00000, 0x000000008ac00000|  0%| F|  |TAMS 0x000000008ab00000, 0x000000008ab00000| Untracked 
| 172|0x000000008ac00000, 0x000000008ac00000, 0x000000008ad00000|  0%| F|  |TAMS 0x000000008ac00000, 0x000000008ac00000| Untracked 
| 173|0x000000008ad00000, 0x000000008ad00000, 0x000000008ae00000|  0%| F|  |TAMS 0x000000008ad00000, 0x000000008ad00000| Untracked 
| 174|0x000000008ae00000, 0x000000008ae00000, 0x000000008af00000|  0%| F|  |TAMS 0x000000008ae00000, 0x000000008ae00000| Untracked 
| 175|0x000000008af00000, 0x000000008af00000, 0x000000008b000000|  0%| F|  |TAMS 0x000000008af00000, 0x000000008af00000| Untracked 
| 176|0x000000008b000000, 0x000000008b000000, 0x000000008b100000|  0%| F|  |TAMS 0x000000008b000000, 0x000000008b000000| Untracked 
| 177|0x000000008b100000, 0x000000008b100000, 0x000000008b200000|  0%| F|  |TAMS 0x000000008b100000, 0x000000008b100000| Untracked 
| 178|0x000000008b200000, 0x000000008b200000, 0x000000008b300000|  0%| F|  |TAMS 0x000000008b200000, 0x000000008b200000| Untracked 
| 179|0x000000008b300000, 0x000000008b300000, 0x000000008b400000|  0%| F|  |TAMS 0x000000008b300000, 0x000000008b300000| Untracked 
| 180|0x000000008b400000, 0x000000008b400000, 0x000000008b500000|  0%| F|  |TAMS 0x000000008b400000, 0x000000008b400000| Untracked 
| 181|0x000000008b500000, 0x000000008b500000, 0x000000008b600000|  0%| F|  |TAMS 0x000000008b500000, 0x000000008b500000| Untracked 
| 182|0x000000008b600000, 0x000000008b6056c0, 0x000000008b700000|  2%| E|  |TAMS 0x000000008b600000, 0x000000008b600000| Complete 

Card table byte_map: [0x00000229db340000,0x00000229db740000] _byte_map_base: 0x00000229daf40000

Marking Bits (Prev, Next): (CMBitMap*) 0x00000229c79ecf28, (CMBitMap*) 0x00000229c79ecf60
 Prev Bits: [0x00000229dbb40000, 0x00000229ddb40000)
 Next Bits: [0x00000229ddb40000, 0x00000229dfb40000)

Polling page: 0x00000229c61a0000

Metaspace:

Usage:
  Non-class:     81.68 MB capacity,    80.26 MB ( 98%) used,     1.15 MB (  1%) free+waste,   278.88 KB ( <1%) overhead. 
      Class:     12.80 MB capacity,    11.90 MB ( 93%) used,   800.91 KB (  6%) free+waste,   128.06 KB ( <1%) overhead. 
       Both:     94.49 MB capacity,    92.16 MB ( 98%) used,     1.93 MB (  2%) free+waste,   406.94 KB ( <1%) overhead. 

Virtual space:
  Non-class space:       82.00 MB reserved,      81.92 MB (>99%) committed 
      Class space:        1.00 GB reserved,      12.95 MB (  1%) committed 
             Both:        1.08 GB reserved,      94.87 MB (  9%) committed 

Chunk freelists:
   Non-Class:  180.00 KB
       Class:  72.00 KB
        Both:  252.00 KB

MaxMetaspaceSize: 17179869184.00 GB
CompressedClassSpaceSize: 1.00 GB
Initial GC threshold: 20.80 MB
Current GC threshold: 156.66 MB
CDS: off

CodeHeap 'non-profiled nmethods': size=120000Kb used=5792Kb max_used=5792Kb free=114207Kb
 bounds [0x00000229d2fa0000, 0x00000229d3550000, 0x00000229da4d0000]
CodeHeap 'profiled nmethods': size=120000Kb used=23008Kb max_used=23008Kb free=96991Kb
 bounds [0x00000229cba70000, 0x00000229cd0f0000, 0x00000229d2fa0000]
CodeHeap 'non-nmethods': size=5760Kb used=2390Kb max_used=2450Kb free=3369Kb
 bounds [0x00000229cb4d0000, 0x00000229cb750000, 0x00000229cba70000]
 total_blobs=11661 nmethods=10747 adapters=826
 compilation: enabled
              stopped_count=0, restarted_count=0
 full_count=0

Compilation events (20 events):
Event: 41.774 Thread 0x00000229e2648800 nmethod 10968 0x00000229d3546990 code [0x00000229d3546b40, 0x00000229d35471f8]
Event: 41.774 Thread 0x00000229e2648800 10966       4       java.lang.Integer::rotateLeft (9 bytes)
Event: 41.851 Thread 0x00000229e2648800 nmethod 10966 0x00000229d3547490 code [0x00000229d3547620, 0x00000229d3547678]
Event: 41.852 Thread 0x00000229e2648800 11013       4       com.android.tools.r8.graph.i::hashCode (109 bytes)
Event: 41.852 Thread 0x00000229e264d000 11014       3       com.android.tools.r8.internal.Xt::a (169 bytes)
Event: 41.855 Thread 0x00000229e2648800 nmethod 11013 0x00000229d3547790 code [0x00000229d3547920, 0x00000229d35479d8]
Event: 41.856 Thread 0x00000229e264d000 nmethod 11014 0x00000229cd0de210 code [0x00000229cd0de520, 0x00000229cd0df408]
Event: 41.856 Thread 0x00000229e2648800 11016   !   4       org.gradle.internal.classloader.CachingClassLoader::loadClass (85 bytes)
Event: 41.856 Thread 0x00000229e264d000 11015       3       com.android.tools.r8.internal.Xt::a (30 bytes)
Event: 41.857 Thread 0x00000229e264d000 nmethod 11015 0x00000229cd0df990 code [0x00000229cd0dfb40, 0x00000229cd0dfcd8]
Event: 41.859 Thread 0x00000229e264d000 11017       1       com.android.tools.r8.internal.Ym::b (5 bytes)
Event: 41.859 Thread 0x00000229e264d000 nmethod 11017 0x00000229d3547a90 code [0x00000229d3547c40, 0x00000229d3547cd8]
Event: 41.869 Thread 0x00000229e264d000 11019       3       java.lang.Integer::toString (55 bytes)
Event: 41.869 Thread 0x00000229e264d000 nmethod 11019 0x00000229cd0dfd90 code [0x00000229cd0dff80, 0x00000229cd0e02f8]
Event: 41.869 Thread 0x00000229e264d000 11022       3       java.lang.Integer::toString (8 bytes)
Event: 41.870 Thread 0x00000229e264d000 nmethod 11022 0x00000229cd0e0490 code [0x00000229cd0e0640, 0x00000229cd0e0768]
Event: 41.870 Thread 0x00000229e264d000 11023       3       com.android.tools.r8.internal.XI::d (45 bytes)
Event: 41.870 Thread 0x00000229e264d000 nmethod 11023 0x00000229cd0e0810 code [0x00000229cd0e09e0, 0x00000229cd0e0e08]
Event: 41.878 Thread 0x00000229e264d000 11026       3       java.util.HashMap$EntrySet::size (8 bytes)
Event: 41.878 Thread 0x00000229e264d000 nmethod 11026 0x00000229cd0e0f90 code [0x00000229cd0e1140, 0x00000229cd0e1258]

GC Heap History (20 events):
Event: 9.221 GC heap before
{Heap before GC invocations=9 (full 0):
 garbage-first heap   total 155648K, used 104942K [0x0000000080000000, 0x0000000100000000)
  region size 1024K, 84 young (86016K), 9 survivors (9216K)
 Metaspace       used 47353K, capacity 48525K, committed 48636K, reserved 1091584K
  class space    used 6027K, capacity 6457K, committed 6476K, reserved 1048576K
}
Event: 9.238 GC heap after
{Heap after GC invocations=10 (full 0):
 garbage-first heap   total 155648K, used 30295K [0x0000000080000000, 0x0000000100000000)
  region size 1024K, 8 young (8192K), 8 survivors (8192K)
 Metaspace       used 47353K, capacity 48525K, committed 48636K, reserved 1091584K
  class space    used 6027K, capacity 6457K, committed 6476K, reserved 1048576K
}
Event: 11.511 GC heap before
{Heap before GC invocations=10 (full 0):
 garbage-first heap   total 155648K, used 116311K [0x0000000080000000, 0x0000000100000000)
  region size 1024K, 88 young (90112K), 8 survivors (8192K)
 Metaspace       used 52601K, capacity 53938K, committed 54268K, reserved 1095680K
  class space    used 6653K, capacity 7137K, committed 7244K, reserved 1048576K
}
Event: 11.530 GC heap after
{Heap after GC invocations=11 (full 0):
 garbage-first heap   total 155648K, used 42309K [0x0000000080000000, 0x0000000100000000)
  region size 1024K, 11 young (11264K), 11 survivors (11264K)
 Metaspace       used 52601K, capacity 53938K, committed 54268K, reserved 1095680K
  class space    used 6653K, capacity 7137K, committed 7244K, reserved 1048576K
}
Event: 14.955 GC heap before
{Heap before GC invocations=11 (full 0):
 garbage-first heap   total 155648K, used 85317K [0x0000000080000000, 0x0000000100000000)
  region size 1024K, 54 young (55296K), 11 survivors (11264K)
 Metaspace       used 58971K, capacity 60420K, committed 60580K, reserved 1101824K
  class space    used 7453K, capacity 7972K, committed 8012K, reserved 1048576K
}
Event: 14.976 GC heap after
{Heap after GC invocations=12 (full 0):
 garbage-first heap   total 187392K, used 44821K [0x0000000080000000, 0x0000000100000000)
  region size 1024K, 3 young (3072K), 3 survivors (3072K)
 Metaspace       used 58971K, capacity 60420K, committed 60580K, reserved 1101824K
  class space    used 7453K, capacity 7972K, committed 8012K, reserved 1048576K
}
Event: 17.801 GC heap before
{Heap before GC invocations=13 (full 0):
 garbage-first heap   total 187392K, used 148245K [0x0000000080000000, 0x0000000100000000)
  region size 1024K, 97 young (99328K), 3 survivors (3072K)
 Metaspace       used 65330K, capacity 66835K, committed 66940K, reserved 1107968K
  class space    used 8259K, capacity 8833K, committed 8908K, reserved 1048576K
}
Event: 17.818 GC heap after
{Heap after GC invocations=14 (full 0):
 garbage-first heap   total 187392K, used 51778K [0x0000000080000000, 0x0000000100000000)
  region size 1024K, 10 young (10240K), 10 survivors (10240K)
 Metaspace       used 65330K, capacity 66835K, committed 66940K, reserved 1107968K
  class space    used 8259K, capacity 8833K, committed 8908K, reserved 1048576K
}
Event: 20.243 GC heap before
{Heap before GC invocations=14 (full 0):
 garbage-first heap   total 187392K, used 141890K [0x0000000080000000, 0x0000000100000000)
  region size 1024K, 98 young (100352K), 10 survivors (10240K)
 Metaspace       used 72753K, capacity 74464K, committed 74620K, reserved 1114112K
  class space    used 9423K, capacity 10081K, committed 10188K, reserved 1048576K
}
Event: 20.279 GC heap after
{Heap after GC invocations=15 (full 0):
 garbage-first heap   total 187392K, used 58087K [0x0000000080000000, 0x0000000100000000)
  region size 1024K, 7 young (7168K), 7 survivors (7168K)
 Metaspace       used 72753K, capacity 74464K, committed 74620K, reserved 1114112K
  class space    used 9423K, capacity 10081K, committed 10188K, reserved 1048576K
}
Event: 23.647 GC heap before
{Heap before GC invocations=15 (full 0):
 garbage-first heap   total 187392K, used 145127K [0x0000000080000000, 0x0000000100000000)
  region size 1024K, 92 young (94208K), 7 survivors (7168K)
 Metaspace       used 81161K, capacity 83150K, committed 83324K, reserved 1122304K
  class space    used 10641K, capacity 11402K, committed 11468K, reserved 1048576K
}
Event: 23.664 GC heap after
{Heap after GC invocations=16 (full 0):
 garbage-first heap   total 187392K, used 63757K [0x0000000080000000, 0x0000000100000000)
  region size 1024K, 12 young (12288K), 12 survivors (12288K)
 Metaspace       used 81161K, capacity 83150K, committed 83324K, reserved 1122304K
  class space    used 10641K, capacity 11402K, committed 11468K, reserved 1048576K
}
Event: 26.697 GC heap before
{Heap before GC invocations=16 (full 0):
 garbage-first heap   total 187392K, used 148749K [0x0000000080000000, 0x0000000100000000)
  region size 1024K, 94 young (96256K), 12 survivors (12288K)
 Metaspace       used 84116K, capacity 86367K, committed 86652K, reserved 1124352K
  class space    used 10981K, capacity 11856K, committed 11980K, reserved 1048576K
}
Event: 26.737 GC heap after
{Heap after GC invocations=17 (full 0):
 garbage-first heap   total 187392K, used 79674K [0x0000000080000000, 0x0000000100000000)
  region size 1024K, 12 young (12288K), 12 survivors (12288K)
 Metaspace       used 84116K, capacity 86367K, committed 86652K, reserved 1124352K
  class space    used 10981K, capacity 11856K, committed 11980K, reserved 1048576K
}
Event: 37.864 GC heap before
{Heap before GC invocations=17 (full 0):
 garbage-first heap   total 187392K, used 156474K [0x0000000080000000, 0x0000000100000000)
  region size 1024K, 73 young (74752K), 12 survivors (12288K)
 Metaspace       used 87813K, capacity 90053K, committed 90364K, reserved 1128448K
  class space    used 11368K, capacity 12251K, committed 12364K, reserved 1048576K
}
Event: 37.884 GC heap after
{Heap after GC invocations=18 (full 0):
 garbage-first heap   total 187392K, used 85678K [0x0000000080000000, 0x0000000100000000)
  region size 1024K, 6 young (6144K), 6 survivors (6144K)
 Metaspace       used 87813K, capacity 90053K, committed 90364K, reserved 1128448K
  class space    used 11368K, capacity 12251K, committed 12364K, reserved 1048576K
}
Event: 40.034 GC heap before
{Heap before GC invocations=18 (full 0):
 garbage-first heap   total 187392K, used 144046K [0x0000000080000000, 0x0000000100000000)
  region size 1024K, 64 young (65536K), 6 survivors (6144K)
 Metaspace       used 91551K, capacity 93957K, committed 94076K, reserved 1130496K
  class space    used 11833K, capacity 12736K, committed 12748K, reserved 1048576K
}
Event: 40.052 GC heap after
{Heap after GC invocations=19 (full 0):
 garbage-first heap   total 187392K, used 89144K [0x0000000080000000, 0x0000000100000000)
  region size 1024K, 4 young (4096K), 4 survivors (4096K)
 Metaspace       used 91551K, capacity 93957K, committed 94076K, reserved 1130496K
  class space    used 11833K, capacity 12736K, committed 12748K, reserved 1048576K
}
Event: 41.417 GC heap before
{Heap before GC invocations=19 (full 0):
 garbage-first heap   total 187392K, used 146488K [0x0000000080000000, 0x0000000100000000)
  region size 1024K, 62 young (63488K), 4 survivors (4096K)
 Metaspace       used 92746K, capacity 95218K, committed 95356K, reserved 1132544K
  class space    used 11988K, capacity 12935K, committed 13004K, reserved 1048576K
}
Event: 41.428 GC heap after
{Heap after GC invocations=20 (full 0):
 garbage-first heap   total 187392K, used 97431K [0x0000000080000000, 0x0000000100000000)
  region size 1024K, 8 young (8192K), 8 survivors (8192K)
 Metaspace       used 92746K, capacity 95218K, committed 95356K, reserved 1132544K
  class space    used 11988K, capacity 12935K, committed 13004K, reserved 1048576K
}

Deoptimization events (20 events):
Event: 41.867 Thread 0x00000229e78e9800 Uncommon trap: reason=unstable_if action=reinterpret pc=0x00000229d33c3cac method=java.util.stream.StreamOpFlag.getMask(I)I @ 1 c2
Event: 41.867 Thread 0x00000229e909a000 Uncommon trap: reason=unstable_if action=reinterpret pc=0x00000229d33c3cac method=java.util.stream.StreamOpFlag.getMask(I)I @ 1 c2
Event: 41.867 Thread 0x00000229e77ed000 Uncommon trap: reason=unstable_if action=reinterpret pc=0x00000229d33c3cac method=java.util.stream.StreamOpFlag.getMask(I)I @ 1 c2
Event: 41.867 Thread 0x00000229e6e2a000 Uncommon trap: reason=unstable_if action=reinterpret pc=0x00000229d33c3cac method=java.util.stream.StreamOpFlag.getMask(I)I @ 1 c2
Event: 41.867 Thread 0x00000229e90a6000 Uncommon trap: reason=unstable_if action=reinterpret pc=0x00000229d33c3cac method=java.util.stream.StreamOpFlag.getMask(I)I @ 1 c2
Event: 41.867 Thread 0x00000229e78e5800 Uncommon trap: reason=unstable_if action=reinterpret pc=0x00000229d33c3cac method=java.util.stream.StreamOpFlag.getMask(I)I @ 1 c2
Event: 41.868 Thread 0x00000229e909e000 DEOPT PACKING pc=0x00000229d33c3cac sp=0x00000091410fa990
Event: 41.868 Thread 0x00000229e78e9800 DEOPT PACKING pc=0x00000229d33c3cac sp=0x00000091423fa290
Event: 41.868 Thread 0x00000229e909e000 DEOPT UNPACKING pc=0x00000229cb51a1af sp=0x00000091410fa880 mode 2
Event: 41.868 Thread 0x00000229e78e9800 DEOPT UNPACKING pc=0x00000229cb51a1af sp=0x00000091423fa180 mode 2
Event: 41.868 Thread 0x00000229e909a000 DEOPT PACKING pc=0x00000229d33c3cac sp=0x0000009140ffa930
Event: 41.868 Thread 0x00000229e77ed000 DEOPT PACKING pc=0x00000229d33c3cac sp=0x00000091437fa4b0
Event: 41.868 Thread 0x00000229e909a000 DEOPT UNPACKING pc=0x00000229cb51a1af sp=0x0000009140ffa820 mode 2
Event: 41.868 Thread 0x00000229e6e2a000 DEOPT PACKING pc=0x00000229d33c3cac sp=0x000000913f7faac0
Event: 41.868 Thread 0x00000229e77ed000 DEOPT UNPACKING pc=0x00000229cb51a1af sp=0x00000091437fa3a0 mode 2
Event: 41.868 Thread 0x00000229e90a6000 DEOPT PACKING pc=0x00000229d33c3cac sp=0x0000009141efaa20
Event: 41.868 Thread 0x00000229e78e5800 DEOPT PACKING pc=0x00000229d33c3cac sp=0x00000091427fa760
Event: 41.868 Thread 0x00000229e6e2a000 DEOPT UNPACKING pc=0x00000229cb51a1af sp=0x000000913f7fa9b0 mode 2
Event: 41.868 Thread 0x00000229e78e5800 DEOPT UNPACKING pc=0x00000229cb51a1af sp=0x00000091427fa650 mode 2
Event: 41.868 Thread 0x00000229e90a6000 DEOPT UNPACKING pc=0x00000229cb51a1af sp=0x0000009141efa910 mode 2

Classes redefined (0 events):
No events

Internal exceptions (20 events):
Event: 40.773 Thread 0x00000229e78eb000 Implicit null exception at 0x00000229d352092a to 0x00000229d3521008
Event: 40.773 Thread 0x00000229e9098000 Implicit null exception at 0x00000229d352092a to 0x00000229d3521008
Event: 41.406 Thread 0x00000229e6e2a000 Exception <a 'sun/nio/fs/WindowsException'{0x0000000088564e28}> (0x0000000088564e28) thrown at [./src/hotspot/share/prims/jni.cpp, line 616]
Event: 41.406 Thread 0x00000229e9099000 Exception <a 'sun/nio/fs/WindowsException'{0x00000000884a4ae0}> (0x00000000884a4ae0) thrown at [./src/hotspot/share/prims/jni.cpp, line 616]
Event: 41.431 Thread 0x00000229e77ed000 Exception <a 'sun/nio/fs/WindowsException'{0x000000008b54f748}> (0x000000008b54f748) thrown at [./src/hotspot/share/prims/jni.cpp, line 616]
Event: 41.441 Thread 0x00000229e909e000 Exception <a 'sun/nio/fs/WindowsException'{0x000000008ae1dd80}> (0x000000008ae1dd80) thrown at [./src/hotspot/share/prims/jni.cpp, line 616]
Event: 41.464 Thread 0x00000229e90a6000 Exception <a 'sun/nio/fs/WindowsException'{0x000000008a50f6c0}> (0x000000008a50f6c0) thrown at [./src/hotspot/share/prims/jni.cpp, line 616]
Event: 41.492 Thread 0x00000229e78e5800 Exception <a 'sun/nio/fs/WindowsException'{0x000000008990ca78}> (0x000000008990ca78) thrown at [./src/hotspot/share/prims/jni.cpp, line 616]
Event: 41.500 Thread 0x00000229e78f1000 Exception <a 'java/lang/OutOfMemoryError'{0x0000000089880150}> (0x0000000089880150) thrown at [./src/hotspot/share/prims/jni.cpp, line 637]
Event: 41.501 Thread 0x00000229e78f1000 Implicit null exception at 0x00000229d32d209b to 0x00000229d32d285c
Event: 41.501 Thread 0x00000229e78f1000 Implicit null exception at 0x00000229d32d30a0 to 0x00000229d32d3814
Event: 41.519 Thread 0x00000229eb12d000 Exception <a 'java/lang/OutOfMemoryError'{0x0000000089491c08}> (0x0000000089491c08) thrown at [./src/hotspot/share/prims/jni.cpp, line 637]
Event: 41.548 Thread 0x00000229e9099000 Exception <a 'java/lang/NoSuchMethodError'{0x00000000893b6b88}: 'java.lang.Object java.lang.invoke.DirectMethodHandle$Holder.newInvokeSpecial(java.lang.Object, int)'> (0x00000000893b6b88) thrown at [./src/hotspot/share/interpreter/linkResolver.cpp, line 773]
Event: 41.548 Thread 0x00000229e78e5800 Exception <a 'java/lang/NoSuchMethodError'{0x00000000893aa718}: 'java.lang.Object java.lang.invoke.DirectMethodHandle$Holder.newInvokeSpecial(java.lang.Object, int)'> (0x00000000893aa718) thrown at [./src/hotspot/share/interpreter/linkResolver.cpp, line 773]
Event: 41.548 Thread 0x00000229e6e2a000 Exception <a 'java/lang/NoSuchMethodError'{0x00000000893746d0}: 'java.lang.Object java.lang.invoke.DirectMethodHandle$Holder.newInvokeSpecial(java.lang.Object, int)'> (0x00000000893746d0) thrown at [./src/hotspot/share/interpreter/linkResolver.cpp, line 773]
Event: 41.548 Thread 0x00000229e909e000 Exception <a 'java/lang/NoSuchMethodError'{0x000000008ae201b0}: 'java.lang.Object java.lang.invoke.DirectMethodHandle$Holder.newInvokeSpecial(java.lang.Object, int)'> (0x000000008ae201b0) thrown at [./src/hotspot/share/interpreter/linkResolver.cpp, line 773]
Event: 41.548 Thread 0x00000229e77ed000 Exception <a 'java/lang/NoSuchMethodError'{0x00000000893d67c8}: 'java.lang.Object java.lang.invoke.DirectMethodHandle$Holder.newInvokeSpecial(java.lang.Object, int)'> (0x00000000893d67c8) thrown at [./src/hotspot/share/interpreter/linkResolver.cpp, line 773]
Event: 41.548 Thread 0x00000229e90a6000 Exception <a 'java/lang/NoSuchMethodError'{0x000000008935f028}: 'java.lang.Object java.lang.invoke.DirectMethodHandle$Holder.newInvokeSpecial(java.lang.Object, int)'> (0x000000008935f028) thrown at [./src/hotspot/share/interpreter/linkResolver.cpp, line 773]
Event: 41.562 Thread 0x00000229e78e9800 Exception <a 'sun/nio/fs/WindowsException'{0x0000000089099398}> (0x0000000089099398) thrown at [./src/hotspot/share/prims/jni.cpp, line 616]
Event: 41.573 Thread 0x00000229e909a000 Exception <a 'sun/nio/fs/WindowsException'{0x0000000088e71718}> (0x0000000088e71718) thrown at [./src/hotspot/share/prims/jni.cpp, line 616]

Events (20 events):
Event: 41.894 loading class com/android/tools/r8/internal/Lu$b
Event: 41.894 loading class com/android/tools/r8/internal/Lu$b done
Event: 41.894 loading class com/android/tools/r8/internal/Lu$c
Event: 41.894 loading class com/android/tools/r8/internal/Lu$c done
Event: 41.895 loading class com/android/tools/r8/internal/Lu$g
Event: 41.895 loading class com/android/tools/r8/internal/Lu$g done
Event: 41.895 loading class com/android/tools/r8/Version
Event: 41.895 loading class com/android/tools/r8/Version done
Event: 41.895 loading class com/android/tools/r8/internal/I20
Event: 41.895 loading class com/android/tools/r8/internal/I20 done
Event: 41.896 Executing VM operation: RevokeBias
Event: 41.897 Executing VM operation: RevokeBias done
Event: 41.897 loading class com/android/tools/r8/internal/Lu$f
Event: 41.897 loading class com/android/tools/r8/internal/Lu$f done
Event: 41.897 loading class com/android/tools/r8/internal/Lu$i
Event: 41.897 loading class com/android/tools/r8/internal/Lu$i done
Event: 41.898 loading class com/android/tools/r8/internal/Lu$l
Event: 41.898 loading class com/android/tools/r8/internal/Lu$l done
Event: 41.898 loading class com/android/tools/r8/internal/Nu
Event: 41.898 loading class com/android/tools/r8/internal/Nu done


Dynamic libraries:
0x00007ff778760000 - 0x00007ff77876a000 	C:\Program Files\Android\Android Studio\jre\bin\java.exe
0x00007ffac0bb0000 - 0x00007ffac0da8000 	C:\Windows\SYSTEM32\ntdll.dll
0x00007ffac08f0000 - 0x00007ffac09ad000 	C:\Windows\System32\KERNEL32.DLL
0x00007ffabe540000 - 0x00007ffabe80e000 	C:\Windows\System32\KERNELBASE.dll
0x00007ffabea10000 - 0x00007ffabeb10000 	C:\Windows\System32\ucrtbase.dll
0x00007ffab78f0000 - 0x00007ffab7909000 	C:\Program Files\Android\Android Studio\jre\bin\jli.dll
0x00007ffab7910000 - 0x00007ffab7927000 	C:\Program Files\Android\Android Studio\jre\bin\VCRUNTIME140.dll
0x00007ffac0560000 - 0x00007ffac0700000 	C:\Windows\System32\USER32.dll
0x00007ffabe810000 - 0x00007ffabe832000 	C:\Windows\System32\win32u.dll
0x00007ffa9e4d0000 - 0x00007ffa9e76a000 	C:\Windows\WinSxS\amd64_microsoft.windows.common-controls_6595b64144ccf1df_6.0.19041.1110_none_60b5254171f9507e\COMCTL32.dll
0x00007ffac0530000 - 0x00007ffac055a000 	C:\Windows\System32\GDI32.dll
0x00007ffabfc30000 - 0x00007ffabfcce000 	C:\Windows\System32\msvcrt.dll
0x00007ffabe430000 - 0x00007ffabe53b000 	C:\Windows\System32\gdi32full.dll
0x00007ffabe8c0000 - 0x00007ffabe95d000 	C:\Windows\System32\msvcp_win.dll
0x00007ffac0050000 - 0x00007ffac0080000 	C:\Windows\System32\IMM32.DLL
0x00007ffa81490000 - 0x00007ffa8152d000 	C:\Program Files\Android\Android Studio\jre\bin\msvcp140.dll
0x00007ffa4d1e0000 - 0x00007ffa4dce2000 	C:\Program Files\Android\Android Studio\jre\bin\server\jvm.dll
0x00007ffac07d0000 - 0x00007ffac087e000 	C:\Windows\System32\ADVAPI32.dll
0x00007ffac0080000 - 0x00007ffac011c000 	C:\Windows\System32\sechost.dll
0x00007ffabfa20000 - 0x00007ffabfb45000 	C:\Windows\System32\RPCRT4.dll
0x00007ffac0880000 - 0x00007ffac0888000 	C:\Windows\System32\PSAPI.DLL
0x00007ffaa2920000 - 0x00007ffaa2947000 	C:\Windows\SYSTEM32\WINMM.dll
0x00007ffab7a90000 - 0x00007ffab7a99000 	C:\Windows\SYSTEM32\WSOCK32.dll
0x00007ffab5d10000 - 0x00007ffab5d1a000 	C:\Windows\SYSTEM32\VERSION.dll
0x00007ffac0700000 - 0x00007ffac076b000 	C:\Windows\System32\WS2_32.dll
0x00007ffabc1a0000 - 0x00007ffabc1b2000 	C:\Windows\SYSTEM32\kernel.appcore.dll
0x00007ffaae9b0000 - 0x00007ffaae9c1000 	C:\Program Files\Android\Android Studio\jre\bin\verify.dll
0x00007ffaaece0000 - 0x00007ffaaeec4000 	C:\Windows\SYSTEM32\DBGHELP.DLL
0x00007ffaae2d0000 - 0x00007ffaae2fc000 	C:\Windows\SYSTEM32\dbgcore.DLL
0x00007ffabeb80000 - 0x00007ffabec02000 	C:\Windows\System32\bcryptPrimitives.dll
0x00007ffaa5250000 - 0x00007ffaa5279000 	C:\Program Files\Android\Android Studio\jre\bin\java.dll
0x00007ffab7970000 - 0x00007ffab797b000 	C:\Program Files\Android\Android Studio\jre\bin\jimage.dll
0x00007ffaae430000 - 0x00007ffaae448000 	C:\Program Files\Android\Android Studio\jre\bin\zip.dll
0x00007ffabed50000 - 0x00007ffabf493000 	C:\Windows\System32\SHELL32.dll
0x00007ffabc3c0000 - 0x00007ffabcb55000 	C:\Windows\SYSTEM32\windows.storage.dll
0x00007ffac0120000 - 0x00007ffac0474000 	C:\Windows\System32\combase.dll
0x00007ffabdd30000 - 0x00007ffabdd60000 	C:\Windows\SYSTEM32\Wldp.dll
0x00007ffabf970000 - 0x00007ffabfa1d000 	C:\Windows\System32\SHCORE.dll
0x00007ffabf910000 - 0x00007ffabf965000 	C:\Windows\System32\shlwapi.dll
0x00007ffabe210000 - 0x00007ffabe22f000 	C:\Windows\SYSTEM32\profapi.dll
0x00007ffaa5230000 - 0x00007ffaa524a000 	C:\Program Files\Android\Android Studio\jre\bin\net.dll
0x00007ffab9050000 - 0x00007ffab915a000 	C:\Windows\SYSTEM32\WINHTTP.dll
0x00007ffabda90000 - 0x00007ffabdafa000 	C:\Windows\system32\mswsock.dll
0x00007ffa99e40000 - 0x00007ffa99e54000 	C:\Program Files\Android\Android Studio\jre\bin\nio.dll
0x00007ffa92260000 - 0x00007ffa92287000 	C:\Users\User\.gradle\native\e1d6ef7f7dcc3fd88c89a11ec53ec762bb8ba0a96d01ffa2cd45eb1d1d8dd5c5\windows-amd64\native-platform.dll
0x00007ffa7f520000 - 0x00007ffa7f664000 	C:\Users\User\.gradle\native\0d407fdbe67a94daf76414ababcb853783967236a71b16ec16e742cd7a986fd3\windows-amd64\native-platform-file-events.dll
0x00007ffab78d0000 - 0x00007ffab78da000 	C:\Program Files\Android\Android Studio\jre\bin\management.dll
0x00007ffab77f0000 - 0x00007ffab77fd000 	C:\Program Files\Android\Android Studio\jre\bin\management_ext.dll
0x00007ffabdc80000 - 0x00007ffabdc98000 	C:\Windows\SYSTEM32\CRYPTSP.dll
0x00007ffabd3a0000 - 0x00007ffabd3d4000 	C:\Windows\system32\rsaenh.dll
0x00007ffabe890000 - 0x00007ffabe8b7000 	C:\Windows\System32\bcrypt.dll
0x00007ffabe1d0000 - 0x00007ffabe1fe000 	C:\Windows\SYSTEM32\USERENV.dll
0x00007ffabdca0000 - 0x00007ffabdcac000 	C:\Windows\SYSTEM32\CRYPTBASE.dll
0x00007ffabd730000 - 0x00007ffabd76b000 	C:\Windows\SYSTEM32\IPHLPAPI.DLL
0x00007ffac0b60000 - 0x00007ffac0b68000 	C:\Windows\System32\NSI.dll
0x00007ffab5d40000 - 0x00007ffab5d57000 	C:\Windows\SYSTEM32\dhcpcsvc6.DLL
0x00007ffab5d80000 - 0x00007ffab5d9d000 	C:\Windows\SYSTEM32\dhcpcsvc.DLL
0x00007ffabd780000 - 0x00007ffabd84a000 	C:\Windows\SYSTEM32\DNSAPI.dll
0x00007ffabcfd0000 - 0x00007ffabd003000 	C:\Windows\SYSTEM32\ntmarta.dll

dbghelp: loaded successfully - version: 4.0.5 - missing functions: none
symbol engine: initialized successfully - sym options: 0x614 - pdb path: .;C:\Program Files\Android\Android Studio\jre\bin;C:\Windows\SYSTEM32;C:\Windows\WinSxS\amd64_microsoft.windows.common-controls_6595b64144ccf1df_6.0.19041.1110_none_60b5254171f9507e;C:\Program Files\Android\Android Studio\jre\bin\server;C:\Users\User\.gradle\native\e1d6ef7f7dcc3fd88c89a11ec53ec762bb8ba0a96d01ffa2cd45eb1d1d8dd5c5\windows-amd64;C:\Users\User\.gradle\native\0d407fdbe67a94daf76414ababcb853783967236a71b16ec16e742cd7a986fd3\windows-amd64

VM Arguments:
jvm_args: --add-opens=java.base/java.util=ALL-UNNAMED --add-opens=java.base/java.lang=ALL-UNNAMED --add-opens=java.base/java.lang.invoke=ALL-UNNAMED --add-opens=java.base/java.util=ALL-UNNAMED --add-opens=java.prefs/java.util.prefs=ALL-UNNAMED --add-opens=java.prefs/java.util.prefs=ALL-UNNAMED --add-opens=java.base/java.nio.charset=ALL-UNNAMED --add-opens=java.base/java.net=ALL-UNNAMED --add-opens=java.base/java.util.concurrent.atomic=ALL-UNNAMED -Xmx2048m -Dfile.encoding=UTF-8 -Duser.country=BR -Duser.language=pt -Duser.variant 
java_command: org.gradle.launcher.daemon.bootstrap.GradleDaemon 7.4
java_class_path (initial): C:\Users\User\.gradle\wrapper\dists\gradle-7.4-bin\c0gwcg53nkjbqw7r0h0umtfvt\gradle-7.4\lib\gradle-launcher-7.4.jar
Launcher Type: SUN_STANDARD

[Global flags]
     intx CICompilerCount                          = 4                                         {product} {ergonomic}
     uint ConcGCThreads                            = 2                                         {product} {ergonomic}
     uint G1ConcRefinementThreads                  = 8                                         {product} {ergonomic}
   size_t G1HeapRegionSize                         = 1048576                                   {product} {ergonomic}
    uintx GCDrainStackTargetSize                   = 64                                        {product} {ergonomic}
   size_t InitialHeapSize                          = 132120576                                 {product} {ergonomic}
   size_t MarkStackSize                            = 4194304                                   {product} {ergonomic}
   size_t MaxHeapSize                              = 2147483648                                {product} {command line}
   size_t MaxNewSize                               = 1287651328                                {product} {ergonomic}
   size_t MinHeapDeltaBytes                        = 1048576                                   {product} {ergonomic}
    uintx NonNMethodCodeHeapSize                   = 5836300                                {pd product} {ergonomic}
    uintx NonProfiledCodeHeapSize                  = 122910970                              {pd product} {ergonomic}
    uintx ProfiledCodeHeapSize                     = 122910970                              {pd product} {ergonomic}
    uintx ReservedCodeCacheSize                    = 251658240                              {pd product} {ergonomic}
     bool SegmentedCodeCache                       = true                                      {product} {ergonomic}
     bool UseCompressedClassPointers               = true                                 {lp64_product} {ergonomic}
     bool UseCompressedOops                        = true                                 {lp64_product} {ergonomic}
     bool UseG1GC                                  = true                                      {product} {ergonomic}
     bool UseLargePagesIndividualAllocation        = false                                  {pd product} {ergonomic}

Logging:
Log output configuration:
 #0: stdout all=warning uptime,level,tags
 #1: stderr all=off uptime,level,tags

Environment Variables:
PATH=C:\Program Files (x86)\Google\Chrome\Application;C:\Windows\system32;C:\Windows;C:\Windows\System32\Wbem;C:\Windows\System32\WindowsPowerShell\v1.0\;C:\Windows\System32\OpenSSH\;C:\Users\User\AppData\Local\Microsoft\WindowsApps;C:\Users\User\AppData\Local\GitHubDesktop\bin
USERNAME=User
OS=Windows_NT
PROCESSOR_IDENTIFIER=Intel64 Family 6 Model 142 Stepping 11, GenuineIntel



---------------  S Y S T E M  ---------------

OS: Windows 10 , 64 bit Build 19041 (10.0.19041.1889)
OS uptime: 17 days 6:45 hours

CPU:total 8 (initial active 8) (4 cores per cpu, 2 threads per core) family 6 model 142 stepping 11 microcode 0xae, cmov, cx8, fxsr, mmx, sse, sse2, sse3, ssse3, sse4.1, sse4.2, popcnt, avx, avx2, aes, clmul, erms, 3dnowpref, lzcnt, ht, tsc, tscinvbit, bmi1, bmi2, adx, fma

Memory: 4k page, system-wide physical 7999M (339M free)
TotalPageFile size 32575M (AvailPageFile size 1M)
current process WorkingSet (physical memory assigned to process): 379M, peak: 400M
current process commit charge ("private bytes"): 505M, peak: 510M

vm_info: OpenJDK 64-Bit Server VM (11.0.13+0-b1751.21-8125866) for windows-amd64 JRE (11.0.13+0-b1751.21-8125866), built on Feb  2 2022 03:00:22 by "builder" with MS VC++ 14.0 (VS2015)

END.
